Mensaje I / 00:00:00:000 / Root(00) para top(01)
Mensaje I / 00:00:00:000 / top(01) para cameras(02)
Mensaje D / 00:00:00:000 / cameras(02) / ... para top(01)
Mensaje D / 00:00:00:000 / top(01) / ... para Root(00)
Mensaje X / 00:00:02:000 / Root(00) / pc_cam /      1.00000 para top(01)
Mensaje X / 00:00:02:000 / top(01) / pc_cam /      1.00000 para cameras(02)
Mensaje D / 00:00:02:000 / cameras(02) / 00:00:06:000 para top(01)
Mensaje D / 00:00:02:000 / top(01) / 00:00:06:000 para Root(00)
Mensaje X / 00:00:03:000 / Root(00) / pc_cam /      1.00000 para top(01)
Mensaje X / 00:00:03:000 / top(01) / pc_cam /      1.00000 para cameras(02)
Mensaje D / 00:00:03:000 / cameras(02) / 00:00:05:000 para top(01)
Mensaje D / 00:00:03:000 / top(01) / 00:00:05:000 para Root(00)
Mensaje X / 00:00:04:000 / Root(00) / pc_cam /      1.00000 para top(01)
Mensaje X / 00:00:04:000 / top(01) / pc_cam /      1.00000 para cameras(02)
Mensaje D / 00:00:04:000 / cameras(02) / 00:00:04:000 para top(01)
Mensaje D / 00:00:04:000 / top(01) / 00:00:04:000 para Root(00)
Mensaje X / 00:00:05:000 / Root(00) / pc_cam /      1.00000 para top(01)
Mensaje X / 00:00:05:000 / top(01) / pc_cam /      1.00000 para cameras(02)
Mensaje D / 00:00:05:000 / cameras(02) / 00:00:03:000 para top(01)
Mensaje D / 00:00:05:000 / top(01) / 00:00:03:000 para Root(00)
Mensaje * / 00:00:08:000 / Root(00) para top(01)
Mensaje * / 00:00:08:000 / top(01) para cameras(02)
Mensaje Y / 00:00:08:000 / cameras(02) / cam_pc /      1.00000 para top(01)
Mensaje D / 00:00:08:000 / cameras(02) / ... para top(01)
Mensaje Y / 00:00:08:000 / top(01) / cam_pc /      1.00000 para Root(00)
Mensaje D / 00:00:08:000 / top(01) / ... para Root(00)
Mensaje X / 00:00:10:000 / Root(00) / pc_cam /      1.00000 para top(01)
Mensaje X / 00:00:10:000 / top(01) / pc_cam /      1.00000 para cameras(02)
Mensaje D / 00:00:10:000 / cameras(02) / 00:00:06:000 para top(01)
Mensaje D / 00:00:10:000 / top(01) / 00:00:06:000 para Root(00)
Mensaje X / 00:00:15:000 / Root(00) / pc_cam /      1.00000 para top(01)
Mensaje X / 00:00:15:000 / top(01) / pc_cam /      1.00000 para cameras(02)
Mensaje D / 00:00:15:000 / cameras(02) / 00:00:01:000 para top(01)
Mensaje D / 00:00:15:000 / top(01) / 00:00:01:000 para Root(00)
Mensaje * / 00:00:16:000 / Root(00) para top(01)
Mensaje * / 00:00:16:000 / top(01) para cameras(02)
Mensaje Y / 00:00:16:000 / cameras(02) / cam_pc /      1.00000 para top(01)
Mensaje D / 00:00:16:000 / cameras(02) / ... para top(01)
Mensaje Y / 00:00:16:000 / top(01) / cam_pc /      1.00000 para Root(00)
Mensaje D / 00:00:16:000 / top(01) / ... para Root(00)
Mensaje X / 00:00:18:000 / Root(00) / pc_cam /      1.00000 para top(01)
Mensaje X / 00:00:18:000 / top(01) / pc_cam /      1.00000 para cameras(02)
Mensaje D / 00:00:18:000 / cameras(02) / 00:00:06:000 para top(01)
Mensaje D / 00:00:18:000 / top(01) / 00:00:06:000 para Root(00)
Mensaje * / 00:00:24:000 / Root(00) para top(01)
Mensaje * / 00:00:24:000 / top(01) para cameras(02)
Mensaje Y / 00:00:24:000 / cameras(02) / cam_pc /      1.00000 para top(01)
Mensaje D / 00:00:24:000 / cameras(02) / ... para top(01)
Mensaje Y / 00:00:24:000 / top(01) / cam_pc /      1.00000 para Root(00)
Mensaje D / 00:00:24:000 / top(01) / ... para Root(00)
Mensaje X / 00:00:27:000 / Root(00) / pc_cam /      1.00000 para top(01)
Mensaje X / 00:00:27:000 / top(01) / pc_cam /      1.00000 para cameras(02)
Mensaje D / 00:00:27:000 / cameras(02) / 00:00:06:000 para top(01)
Mensaje D / 00:00:27:000 / top(01) / 00:00:06:000 para Root(00)
Mensaje * / 00:00:33:000 / Root(00) para top(01)
Mensaje * / 00:00:33:000 / top(01) para cameras(02)
Mensaje Y / 00:00:33:000 / cameras(02) / cam_pc /      1.00000 para top(01)
Mensaje D / 00:00:33:000 / cameras(02) / ... para top(01)
Mensaje Y / 00:00:33:000 / top(01) / cam_pc /      1.00000 para Root(00)
Mensaje D / 00:00:33:000 / top(01) / ... para Root(00)
Mensaje X / 00:00:35:000 / Root(00) / pc_cam /      1.00000 para top(01)
Mensaje X / 00:00:35:000 / top(01) / pc_cam /      1.00000 para cameras(02)
Mensaje D / 00:00:35:000 / cameras(02) / 00:00:06:000 para top(01)
Mensaje D / 00:00:35:000 / top(01) / 00:00:06:000 para Root(00)
Mensaje * / 00:00:41:000 / Root(00) para top(01)
Mensaje * / 00:00:41:000 / top(01) para cameras(02)
Mensaje Y / 00:00:41:000 / cameras(02) / cam_pc /      1.00000 para top(01)
Mensaje D / 00:00:41:000 / cameras(02) / ... para top(01)
Mensaje Y / 00:00:41:000 / top(01) / cam_pc /      1.00000 para Root(00)
Mensaje D / 00:00:41:000 / top(01) / ... para Root(00)
Mensaje X / 00:00:47:000 / Root(00) / pc_cam /      1.00000 para top(01)
Mensaje X / 00:00:47:000 / top(01) / pc_cam /      1.00000 para cameras(02)
Mensaje D / 00:00:47:000 / cameras(02) / 00:00:06:000 para top(01)
Mensaje D / 00:00:47:000 / top(01) / 00:00:06:000 para Root(00)
Mensaje * / 00:00:53:000 / Root(00) para top(01)
Mensaje * / 00:00:53:000 / top(01) para cameras(02)
Mensaje Y / 00:00:53:000 / cameras(02) / cam_pc /      1.00000 para top(01)
Mensaje D / 00:00:53:000 / cameras(02) / ... para top(01)
Mensaje Y / 00:00:53:000 / top(01) / cam_pc /      1.00000 para Root(00)
Mensaje D / 00:00:53:000 / top(01) / ... para Root(00)
