Mensaje I / 00:00:00:000 / Root(00) para top(01)
Mensaje I / 00:00:00:000 / top(01) para classifier(02)
Mensaje D / 00:00:00:000 / classifier(02) / ... para top(01)
Mensaje D / 00:00:00:000 / top(01) / ... para Root(00)
Mensaje X / 00:00:01:000 / Root(00) / dp /      1.00000 para top(01)
Mensaje X / 00:00:01:000 / top(01) / dp /      1.00000 para classifier(02)
Mensaje D / 00:00:01:000 / classifier(02) / 00:00:03:000 para top(01)
Mensaje D / 00:00:01:000 / top(01) / 00:00:03:000 para Root(00)
Mensaje X / 00:00:04:000 / Root(00) / dp /      1.00000 para top(01)
Mensaje X / 00:00:04:000 / top(01) / dp /      1.00000 para classifier(02)
Mensaje D / 00:00:04:000 / classifier(02) / 00:00:00:000 para top(01)
Mensaje D / 00:00:04:000 / top(01) / 00:00:00:000 para Root(00)
Mensaje * / 00:00:04:000 / Root(00) para top(01)
Mensaje * / 00:00:04:000 / top(01) para classifier(02)
Mensaje D / 00:00:04:000 / classifier(02) / ... para top(01)
Mensaje D / 00:00:04:000 / top(01) / ... para Root(00)
Mensaje X / 00:00:08:000 / Root(00) / dp /      1.00000 para top(01)
Mensaje X / 00:00:08:000 / top(01) / dp /      1.00000 para classifier(02)
Mensaje D / 00:00:08:000 / classifier(02) / 00:00:03:000 para top(01)
Mensaje D / 00:00:08:000 / top(01) / 00:00:03:000 para Root(00)
Mensaje * / 00:00:11:000 / Root(00) para top(01)
Mensaje * / 00:00:11:000 / top(01) para classifier(02)
Mensaje D / 00:00:11:000 / classifier(02) / ... para top(01)
Mensaje D / 00:00:11:000 / top(01) / ... para Root(00)
Mensaje X / 00:00:13:000 / Root(00) / dp /      1.00000 para top(01)
Mensaje X / 00:00:13:000 / top(01) / dp /      1.00000 para classifier(02)
Mensaje D / 00:00:13:000 / classifier(02) / 00:00:03:000 para top(01)
Mensaje D / 00:00:13:000 / top(01) / 00:00:03:000 para Root(00)
Mensaje X / 00:00:15:000 / Root(00) / dp /      1.00000 para top(01)
Mensaje X / 00:00:15:000 / top(01) / dp /      1.00000 para classifier(02)
Mensaje D / 00:00:15:000 / classifier(02) / 00:00:01:000 para top(01)
Mensaje D / 00:00:15:000 / top(01) / 00:00:01:000 para Root(00)
Mensaje * / 00:00:16:000 / Root(00) para top(01)
Mensaje * / 00:00:16:000 / top(01) para classifier(02)
Mensaje D / 00:00:16:000 / classifier(02) / ... para top(01)
Mensaje D / 00:00:16:000 / top(01) / ... para Root(00)
Mensaje X / 00:00:27:000 / Root(00) / dp /      1.00000 para top(01)
Mensaje X / 00:00:27:000 / top(01) / dp /      1.00000 para classifier(02)
Mensaje D / 00:00:27:000 / classifier(02) / 00:00:03:000 para top(01)
Mensaje D / 00:00:27:000 / top(01) / 00:00:03:000 para Root(00)
Mensaje * / 00:00:30:000 / Root(00) para top(01)
Mensaje * / 00:00:30:000 / top(01) para classifier(02)
Mensaje D / 00:00:30:000 / classifier(02) / ... para top(01)
Mensaje D / 00:00:30:000 / top(01) / ... para Root(00)
Mensaje X / 00:00:32:000 / Root(00) / dp /      1.00000 para top(01)
Mensaje X / 00:00:32:000 / top(01) / dp /      1.00000 para classifier(02)
Mensaje D / 00:00:32:000 / classifier(02) / 00:00:03:000 para top(01)
Mensaje D / 00:00:32:000 / top(01) / 00:00:03:000 para Root(00)
Mensaje * / 00:00:35:000 / Root(00) para top(01)
Mensaje * / 00:00:35:000 / top(01) para classifier(02)
Mensaje D / 00:00:35:000 / classifier(02) / ... para top(01)
Mensaje D / 00:00:35:000 / top(01) / ... para Root(00)
Mensaje X / 00:01:05:000 / Root(00) / dp /      1.00000 para top(01)
Mensaje X / 00:01:05:000 / top(01) / dp /      1.00000 para classifier(02)
Mensaje D / 00:01:05:000 / classifier(02) / 00:00:03:000 para top(01)
Mensaje D / 00:01:05:000 / top(01) / 00:00:03:000 para Root(00)
Mensaje * / 00:01:08:000 / Root(00) para top(01)
Mensaje * / 00:01:08:000 / top(01) para classifier(02)
Mensaje Y / 00:01:08:000 / classifier(02) / trainacc /      1.00000 para top(01)
Mensaje D / 00:01:08:000 / classifier(02) / ... para top(01)
Mensaje Y / 00:01:08:000 / top(01) / trainacc /      1.00000 para Root(00)
Mensaje D / 00:01:08:000 / top(01) / ... para Root(00)
Mensaje X / 00:01:18:000 / Root(00) / dp /      1.00000 para top(01)
Mensaje X / 00:01:18:000 / top(01) / dp /      1.00000 para classifier(02)
Mensaje D / 00:01:18:000 / classifier(02) / 00:00:03:000 para top(01)
Mensaje D / 00:01:18:000 / top(01) / 00:00:03:000 para Root(00)
Mensaje * / 00:01:21:000 / Root(00) para top(01)
Mensaje * / 00:01:21:000 / top(01) para classifier(02)
Mensaje Y / 00:01:21:000 / classifier(02) / result /     92.00000 para top(01)
Mensaje D / 00:01:21:000 / classifier(02) / ... para top(01)
Mensaje Y / 00:01:21:000 / top(01) / result /     92.00000 para Root(00)
Mensaje D / 00:01:21:000 / top(01) / ... para Root(00)
Mensaje X / 00:01:28:000 / Root(00) / dp /      1.00000 para top(01)
Mensaje X / 00:01:28:000 / top(01) / dp /      1.00000 para classifier(02)
Mensaje D / 00:01:28:000 / classifier(02) / 00:00:03:000 para top(01)
Mensaje D / 00:01:28:000 / top(01) / 00:00:03:000 para Root(00)
Mensaje * / 00:01:31:000 / Root(00) para top(01)
Mensaje * / 00:01:31:000 / top(01) para classifier(02)
Mensaje Y / 00:01:31:000 / classifier(02) / result /     91.00000 para top(01)
Mensaje D / 00:01:31:000 / classifier(02) / ... para top(01)
Mensaje Y / 00:01:31:000 / top(01) / result /     91.00000 para Root(00)
Mensaje D / 00:01:31:000 / top(01) / ... para Root(00)
Mensaje X / 00:01:34:000 / Root(00) / dp /      1.00000 para top(01)
Mensaje X / 00:01:34:000 / top(01) / dp /      1.00000 para classifier(02)
Mensaje D / 00:01:34:000 / classifier(02) / 00:00:03:000 para top(01)
Mensaje D / 00:01:34:000 / top(01) / 00:00:03:000 para Root(00)
Mensaje * / 00:01:37:000 / Root(00) para top(01)
Mensaje * / 00:01:37:000 / top(01) para classifier(02)
Mensaje Y / 00:01:37:000 / classifier(02) / result /     92.00000 para top(01)
Mensaje D / 00:01:37:000 / classifier(02) / ... para top(01)
Mensaje Y / 00:01:37:000 / top(01) / result /     92.00000 para Root(00)
Mensaje D / 00:01:37:000 / top(01) / ... para Root(00)
Mensaje X / 00:01:39:000 / Root(00) / dp /      1.00000 para top(01)
Mensaje X / 00:01:39:000 / top(01) / dp /      1.00000 para classifier(02)
Mensaje D / 00:01:39:000 / classifier(02) / 00:00:03:000 para top(01)
Mensaje D / 00:01:39:000 / top(01) / 00:00:03:000 para Root(00)
Mensaje * / 00:01:42:000 / Root(00) para top(01)
Mensaje * / 00:01:42:000 / top(01) para classifier(02)
Mensaje Y / 00:01:42:000 / classifier(02) / result /     93.00000 para top(01)
Mensaje D / 00:01:42:000 / classifier(02) / ... para top(01)
Mensaje Y / 00:01:42:000 / top(01) / result /     93.00000 para Root(00)
Mensaje D / 00:01:42:000 / top(01) / ... para Root(00)
Mensaje X / 00:01:45:000 / Root(00) / dp /      1.00000 para top(01)
Mensaje X / 00:01:45:000 / top(01) / dp /      1.00000 para classifier(02)
Mensaje D / 00:01:45:000 / classifier(02) / 00:00:03:000 para top(01)
Mensaje D / 00:01:45:000 / top(01) / 00:00:03:000 para Root(00)
Mensaje X / 00:01:47:000 / Root(00) / dp /      1.00000 para top(01)
Mensaje X / 00:01:47:000 / top(01) / dp /      1.00000 para classifier(02)
Mensaje D / 00:01:47:000 / classifier(02) / 00:00:01:000 para top(01)
Mensaje D / 00:01:47:000 / top(01) / 00:00:01:000 para Root(00)
Mensaje * / 00:01:48:000 / Root(00) para top(01)
Mensaje * / 00:01:48:000 / top(01) para classifier(02)
Mensaje Y / 00:01:48:000 / classifier(02) / result /     91.00000 para top(01)
Mensaje D / 00:01:48:000 / classifier(02) / ... para top(01)
Mensaje Y / 00:01:48:000 / top(01) / result /     91.00000 para Root(00)
Mensaje D / 00:01:48:000 / top(01) / ... para Root(00)
Mensaje X / 00:01:50:000 / Root(00) / dp /      1.00000 para top(01)
Mensaje X / 00:01:50:000 / top(01) / dp /      1.00000 para classifier(02)
Mensaje D / 00:01:50:000 / classifier(02) / 00:00:03:000 para top(01)
Mensaje D / 00:01:50:000 / top(01) / 00:00:03:000 para Root(00)
Mensaje * / 00:01:53:000 / Root(00) para top(01)
Mensaje * / 00:01:53:000 / top(01) para classifier(02)
Mensaje Y / 00:01:53:000 / classifier(02) / result /     91.00000 para top(01)
Mensaje D / 00:01:53:000 / classifier(02) / ... para top(01)
Mensaje Y / 00:01:53:000 / top(01) / result /     91.00000 para Root(00)
Mensaje D / 00:01:53:000 / top(01) / ... para Root(00)
