Mensaje I / 00:00:00:000 / Root(00) para top(01)
Mensaje I / 00:00:00:000 / top(01) para motion_capture_system(02)
Mensaje I / 00:00:00:000 / top(01) para preprocessor(05)
Mensaje I / 00:00:00:000 / top(01) para classifier(06)
Mensaje I / 00:00:00:000 / motion_capture_system(02) para pc(03)
Mensaje I / 00:00:00:000 / motion_capture_system(02) para cameras(04)
Mensaje D / 00:00:00:000 / preprocessor(05) / ... para top(01)
Mensaje D / 00:00:00:000 / classifier(06) / ... para top(01)
Mensaje D / 00:00:00:000 / pc(03) / ... para motion_capture_system(02)
Mensaje D / 00:00:00:000 / cameras(04) / ... para motion_capture_system(02)
Mensaje D / 00:00:00:000 / motion_capture_system(02) / ... para top(01)
Mensaje D / 00:00:00:000 / top(01) / ... para Root(00)
Mensaje X / 00:00:01:000 / Root(00) / init /      1.00000 para top(01)
Mensaje X / 00:00:01:000 / top(01) / pci /      1.00000 para motion_capture_system(02)
Mensaje X / 00:00:01:000 / motion_capture_system(02) / pci /      1.00000 para pc(03)
Mensaje D / 00:00:01:000 / pc(03) / 00:00:10:000 para motion_capture_system(02)
Mensaje D / 00:00:01:000 / motion_capture_system(02) / 00:00:10:000 para top(01)
Mensaje D / 00:00:01:000 / top(01) / 00:00:10:000 para Root(00)
Mensaje X / 00:00:04:000 / Root(00) / init /      2.00000 para top(01)
Mensaje X / 00:00:04:000 / top(01) / pci /      2.00000 para motion_capture_system(02)
Mensaje X / 00:00:04:000 / motion_capture_system(02) / pci /      2.00000 para pc(03)
Mensaje D / 00:00:04:000 / pc(03) / 00:00:07:000 para motion_capture_system(02)
Mensaje D / 00:00:04:000 / motion_capture_system(02) / 00:00:07:000 para top(01)
Mensaje D / 00:00:04:000 / top(01) / 00:00:07:000 para Root(00)
Mensaje X / 00:00:10:000 / Root(00) / init /      2.00000 para top(01)
Mensaje X / 00:00:10:000 / top(01) / pci /      2.00000 para motion_capture_system(02)
Mensaje X / 00:00:10:000 / motion_capture_system(02) / pci /      2.00000 para pc(03)
Mensaje D / 00:00:10:000 / pc(03) / 00:00:01:000 para motion_capture_system(02)
Mensaje D / 00:00:10:000 / motion_capture_system(02) / 00:00:01:000 para top(01)
Mensaje D / 00:00:10:000 / top(01) / 00:00:01:000 para Root(00)
Mensaje * / 00:00:11:000 / Root(00) para top(01)
Mensaje * / 00:00:11:000 / top(01) para motion_capture_system(02)
Mensaje * / 00:00:11:000 / motion_capture_system(02) para pc(03)
Mensaje Y / 00:00:11:000 / pc(03) / pc_cam /      1.00000 para motion_capture_system(02)
Mensaje D / 00:00:11:000 / pc(03) / ... para motion_capture_system(02)
Mensaje X / 00:00:11:000 / motion_capture_system(02) / pc_cam /      1.00000 para cameras(04)
Mensaje D / 00:00:11:000 / cameras(04) / 00:00:06:000 para motion_capture_system(02)
Mensaje D / 00:00:11:000 / motion_capture_system(02) / 00:00:06:000 para top(01)
Mensaje D / 00:00:11:000 / top(01) / 00:00:06:000 para Root(00)
Mensaje * / 00:00:17:000 / Root(00) para top(01)
Mensaje * / 00:00:17:000 / top(01) para motion_capture_system(02)
Mensaje * / 00:00:17:000 / motion_capture_system(02) para cameras(04)
Mensaje Y / 00:00:17:000 / cameras(04) / cam_pc /      1.00000 para motion_capture_system(02)
Mensaje D / 00:00:17:000 / cameras(04) / ... para motion_capture_system(02)
Mensaje X / 00:00:17:000 / motion_capture_system(02) / cam_pc /      1.00000 para pc(03)
Mensaje D / 00:00:17:000 / pc(03) / 00:00:00:010 para motion_capture_system(02)
Mensaje D / 00:00:17:000 / motion_capture_system(02) / 00:00:00:010 para top(01)
Mensaje D / 00:00:17:000 / top(01) / 00:00:00:010 para Root(00)
Mensaje * / 00:00:17:010 / Root(00) para top(01)
Mensaje * / 00:00:17:010 / top(01) para motion_capture_system(02)
Mensaje * / 00:00:17:010 / motion_capture_system(02) para pc(03)
Mensaje Y / 00:00:17:010 / pc(03) / dout /      1.00000 para motion_capture_system(02)
Mensaje D / 00:00:17:010 / pc(03) / 00:00:10:000 para motion_capture_system(02)
Mensaje Y / 00:00:17:010 / motion_capture_system(02) / dout /      1.00000 para top(01)
Mensaje D / 00:00:17:010 / motion_capture_system(02) / 00:00:10:000 para top(01)
Mensaje X / 00:00:17:010 / top(01) / din /      1.00000 para preprocessor(05)
Mensaje D / 00:00:17:010 / preprocessor(05) / 00:00:05:000 para top(01)
Mensaje D / 00:00:17:010 / top(01) / 00:00:05:000 para Root(00)
Mensaje X / 00:00:20:000 / Root(00) / init /      2.00000 para top(01)
Mensaje X / 00:00:20:000 / top(01) / pci /      2.00000 para motion_capture_system(02)
Mensaje X / 00:00:20:000 / motion_capture_system(02) / pci /      2.00000 para pc(03)
Mensaje D / 00:00:20:000 / pc(03) / 00:00:07:010 para motion_capture_system(02)
Mensaje D / 00:00:20:000 / motion_capture_system(02) / 00:00:07:010 para top(01)
Mensaje D / 00:00:20:000 / top(01) / 00:00:02:010 para Root(00)
Mensaje * / 00:00:22:010 / Root(00) para top(01)
Mensaje * / 00:00:22:010 / top(01) para preprocessor(05)
Mensaje Y / 00:00:22:010 / preprocessor(05) / dp /      1.00000 para top(01)
Mensaje D / 00:00:22:010 / preprocessor(05) / ... para top(01)
Mensaje X / 00:00:22:010 / top(01) / dp /      1.00000 para classifier(06)
Mensaje D / 00:00:22:010 / classifier(06) / 00:00:03:000 para top(01)
Mensaje D / 00:00:22:010 / top(01) / 00:00:03:000 para Root(00)
Mensaje * / 00:00:25:010 / Root(00) para top(01)
Mensaje * / 00:00:25:010 / top(01) para classifier(06)
Mensaje D / 00:00:25:010 / classifier(06) / ... para top(01)
Mensaje D / 00:00:25:010 / top(01) / 00:00:02:000 para Root(00)
Mensaje * / 00:00:27:010 / Root(00) para top(01)
Mensaje * / 00:00:27:010 / top(01) para motion_capture_system(02)
Mensaje * / 00:00:27:010 / motion_capture_system(02) para pc(03)
Mensaje Y / 00:00:27:010 / pc(03) / pc_cam /      1.00000 para motion_capture_system(02)
Mensaje D / 00:00:27:010 / pc(03) / ... para motion_capture_system(02)
Mensaje X / 00:00:27:010 / motion_capture_system(02) / pc_cam /      1.00000 para cameras(04)
Mensaje D / 00:00:27:010 / cameras(04) / 00:00:06:000 para motion_capture_system(02)
Mensaje D / 00:00:27:010 / motion_capture_system(02) / 00:00:06:000 para top(01)
Mensaje D / 00:00:27:010 / top(01) / 00:00:06:000 para Root(00)
Mensaje * / 00:00:33:010 / Root(00) para top(01)
Mensaje * / 00:00:33:010 / top(01) para motion_capture_system(02)
Mensaje * / 00:00:33:010 / motion_capture_system(02) para cameras(04)
Mensaje Y / 00:00:33:010 / cameras(04) / cam_pc /      1.00000 para motion_capture_system(02)
Mensaje D / 00:00:33:010 / cameras(04) / ... para motion_capture_system(02)
Mensaje X / 00:00:33:010 / motion_capture_system(02) / cam_pc /      1.00000 para pc(03)
Mensaje D / 00:00:33:010 / pc(03) / 00:00:00:010 para motion_capture_system(02)
Mensaje D / 00:00:33:010 / motion_capture_system(02) / 00:00:00:010 para top(01)
Mensaje D / 00:00:33:010 / top(01) / 00:00:00:010 para Root(00)
Mensaje * / 00:00:33:020 / Root(00) para top(01)
Mensaje * / 00:00:33:020 / top(01) para motion_capture_system(02)
Mensaje * / 00:00:33:020 / motion_capture_system(02) para pc(03)
Mensaje Y / 00:00:33:020 / pc(03) / dout /      1.00000 para motion_capture_system(02)
Mensaje D / 00:00:33:020 / pc(03) / 00:00:10:000 para motion_capture_system(02)
Mensaje Y / 00:00:33:020 / motion_capture_system(02) / dout /      1.00000 para top(01)
Mensaje D / 00:00:33:020 / motion_capture_system(02) / 00:00:10:000 para top(01)
Mensaje X / 00:00:33:020 / top(01) / din /      1.00000 para preprocessor(05)
Mensaje D / 00:00:33:020 / preprocessor(05) / 00:00:05:000 para top(01)
Mensaje D / 00:00:33:020 / top(01) / 00:00:05:000 para Root(00)
Mensaje * / 00:00:38:020 / Root(00) para top(01)
Mensaje * / 00:00:38:020 / top(01) para preprocessor(05)
Mensaje Y / 00:00:38:020 / preprocessor(05) / dp /      1.00000 para top(01)
Mensaje D / 00:00:38:020 / preprocessor(05) / ... para top(01)
Mensaje X / 00:00:38:020 / top(01) / dp /      1.00000 para classifier(06)
Mensaje D / 00:00:38:020 / classifier(06) / 00:00:03:000 para top(01)
Mensaje D / 00:00:38:020 / top(01) / 00:00:03:000 para Root(00)
Mensaje X / 00:00:40:000 / Root(00) / init /      2.00000 para top(01)
Mensaje X / 00:00:40:000 / top(01) / pci /      2.00000 para motion_capture_system(02)
Mensaje X / 00:00:40:000 / motion_capture_system(02) / pci /      2.00000 para pc(03)
Mensaje D / 00:00:40:000 / pc(03) / 00:00:03:020 para motion_capture_system(02)
Mensaje D / 00:00:40:000 / motion_capture_system(02) / 00:00:03:020 para top(01)
Mensaje D / 00:00:40:000 / top(01) / 00:00:01:020 para Root(00)
Mensaje * / 00:00:41:020 / Root(00) para top(01)
Mensaje * / 00:00:41:020 / top(01) para classifier(06)
Mensaje D / 00:00:41:020 / classifier(06) / ... para top(01)
Mensaje D / 00:00:41:020 / top(01) / 00:00:02:000 para Root(00)
Mensaje * / 00:00:43:020 / Root(00) para top(01)
Mensaje * / 00:00:43:020 / top(01) para motion_capture_system(02)
Mensaje * / 00:00:43:020 / motion_capture_system(02) para pc(03)
Mensaje Y / 00:00:43:020 / pc(03) / pc_cam /      1.00000 para motion_capture_system(02)
Mensaje D / 00:00:43:020 / pc(03) / ... para motion_capture_system(02)
Mensaje X / 00:00:43:020 / motion_capture_system(02) / pc_cam /      1.00000 para cameras(04)
Mensaje D / 00:00:43:020 / cameras(04) / 00:00:06:000 para motion_capture_system(02)
Mensaje D / 00:00:43:020 / motion_capture_system(02) / 00:00:06:000 para top(01)
Mensaje D / 00:00:43:020 / top(01) / 00:00:06:000 para Root(00)
Mensaje * / 00:00:49:020 / Root(00) para top(01)
Mensaje * / 00:00:49:020 / top(01) para motion_capture_system(02)
Mensaje * / 00:00:49:020 / motion_capture_system(02) para cameras(04)
Mensaje Y / 00:00:49:020 / cameras(04) / cam_pc /      1.00000 para motion_capture_system(02)
Mensaje D / 00:00:49:020 / cameras(04) / ... para motion_capture_system(02)
Mensaje X / 00:00:49:020 / motion_capture_system(02) / cam_pc /      1.00000 para pc(03)
Mensaje D / 00:00:49:020 / pc(03) / 00:00:00:010 para motion_capture_system(02)
Mensaje D / 00:00:49:020 / motion_capture_system(02) / 00:00:00:010 para top(01)
Mensaje D / 00:00:49:020 / top(01) / 00:00:00:010 para Root(00)
Mensaje * / 00:00:49:030 / Root(00) para top(01)
Mensaje * / 00:00:49:030 / top(01) para motion_capture_system(02)
Mensaje * / 00:00:49:030 / motion_capture_system(02) para pc(03)
Mensaje Y / 00:00:49:030 / pc(03) / dout /      1.00000 para motion_capture_system(02)
Mensaje D / 00:00:49:030 / pc(03) / 00:00:10:000 para motion_capture_system(02)
Mensaje Y / 00:00:49:030 / motion_capture_system(02) / dout /      1.00000 para top(01)
Mensaje D / 00:00:49:030 / motion_capture_system(02) / 00:00:10:000 para top(01)
Mensaje X / 00:00:49:030 / top(01) / din /      1.00000 para preprocessor(05)
Mensaje D / 00:00:49:030 / preprocessor(05) / 00:00:05:000 para top(01)
Mensaje D / 00:00:49:030 / top(01) / 00:00:05:000 para Root(00)
Mensaje * / 00:00:54:030 / Root(00) para top(01)
Mensaje * / 00:00:54:030 / top(01) para preprocessor(05)
Mensaje Y / 00:00:54:030 / preprocessor(05) / dp /      1.00000 para top(01)
Mensaje D / 00:00:54:030 / preprocessor(05) / ... para top(01)
Mensaje X / 00:00:54:030 / top(01) / dp /      1.00000 para classifier(06)
Mensaje D / 00:00:54:030 / classifier(06) / 00:00:03:000 para top(01)
Mensaje D / 00:00:54:030 / top(01) / 00:00:03:000 para Root(00)
Mensaje * / 00:00:57:030 / Root(00) para top(01)
Mensaje * / 00:00:57:030 / top(01) para classifier(06)
Mensaje D / 00:00:57:030 / classifier(06) / ... para top(01)
Mensaje D / 00:00:57:030 / top(01) / 00:00:02:000 para Root(00)
Mensaje * / 00:00:59:030 / Root(00) para top(01)
Mensaje * / 00:00:59:030 / top(01) para motion_capture_system(02)
Mensaje * / 00:00:59:030 / motion_capture_system(02) para pc(03)
Mensaje Y / 00:00:59:030 / pc(03) / pc_cam /      1.00000 para motion_capture_system(02)
Mensaje D / 00:00:59:030 / pc(03) / ... para motion_capture_system(02)
Mensaje X / 00:00:59:030 / motion_capture_system(02) / pc_cam /      1.00000 para cameras(04)
Mensaje D / 00:00:59:030 / cameras(04) / 00:00:06:000 para motion_capture_system(02)
Mensaje D / 00:00:59:030 / motion_capture_system(02) / 00:00:06:000 para top(01)
Mensaje D / 00:00:59:030 / top(01) / 00:00:06:000 para Root(00)
Mensaje * / 00:01:05:030 / Root(00) para top(01)
Mensaje * / 00:01:05:030 / top(01) para motion_capture_system(02)
Mensaje * / 00:01:05:030 / motion_capture_system(02) para cameras(04)
Mensaje Y / 00:01:05:030 / cameras(04) / cam_pc /      1.00000 para motion_capture_system(02)
Mensaje D / 00:01:05:030 / cameras(04) / ... para motion_capture_system(02)
Mensaje X / 00:01:05:030 / motion_capture_system(02) / cam_pc /      1.00000 para pc(03)
Mensaje D / 00:01:05:030 / pc(03) / 00:00:00:010 para motion_capture_system(02)
Mensaje D / 00:01:05:030 / motion_capture_system(02) / 00:00:00:010 para top(01)
Mensaje D / 00:01:05:030 / top(01) / 00:00:00:010 para Root(00)
Mensaje * / 00:01:05:040 / Root(00) para top(01)
Mensaje * / 00:01:05:040 / top(01) para motion_capture_system(02)
Mensaje * / 00:01:05:040 / motion_capture_system(02) para pc(03)
Mensaje Y / 00:01:05:040 / pc(03) / dout /      1.00000 para motion_capture_system(02)
Mensaje D / 00:01:05:040 / pc(03) / 00:00:10:000 para motion_capture_system(02)
Mensaje Y / 00:01:05:040 / motion_capture_system(02) / dout /      1.00000 para top(01)
Mensaje D / 00:01:05:040 / motion_capture_system(02) / 00:00:10:000 para top(01)
Mensaje X / 00:01:05:040 / top(01) / din /      1.00000 para preprocessor(05)
Mensaje D / 00:01:05:040 / preprocessor(05) / 00:00:05:000 para top(01)
Mensaje D / 00:01:05:040 / top(01) / 00:00:05:000 para Root(00)
Mensaje * / 00:01:10:040 / Root(00) para top(01)
Mensaje * / 00:01:10:040 / top(01) para preprocessor(05)
Mensaje Y / 00:01:10:040 / preprocessor(05) / dp /      1.00000 para top(01)
Mensaje D / 00:01:10:040 / preprocessor(05) / ... para top(01)
Mensaje X / 00:01:10:040 / top(01) / dp /      1.00000 para classifier(06)
Mensaje D / 00:01:10:040 / classifier(06) / 00:00:03:000 para top(01)
Mensaje D / 00:01:10:040 / top(01) / 00:00:03:000 para Root(00)
Mensaje * / 00:01:13:040 / Root(00) para top(01)
Mensaje * / 00:01:13:040 / top(01) para classifier(06)
Mensaje D / 00:01:13:040 / classifier(06) / ... para top(01)
Mensaje D / 00:01:13:040 / top(01) / 00:00:02:000 para Root(00)
Mensaje * / 00:01:15:040 / Root(00) para top(01)
Mensaje * / 00:01:15:040 / top(01) para motion_capture_system(02)
Mensaje * / 00:01:15:040 / motion_capture_system(02) para pc(03)
Mensaje Y / 00:01:15:040 / pc(03) / pc_cam /      1.00000 para motion_capture_system(02)
Mensaje D / 00:01:15:040 / pc(03) / ... para motion_capture_system(02)
Mensaje X / 00:01:15:040 / motion_capture_system(02) / pc_cam /      1.00000 para cameras(04)
Mensaje D / 00:01:15:040 / cameras(04) / 00:00:06:000 para motion_capture_system(02)
Mensaje D / 00:01:15:040 / motion_capture_system(02) / 00:00:06:000 para top(01)
Mensaje D / 00:01:15:040 / top(01) / 00:00:06:000 para Root(00)
Mensaje X / 00:01:20:000 / Root(00) / init /      2.00000 para top(01)
Mensaje X / 00:01:20:000 / top(01) / pci /      2.00000 para motion_capture_system(02)
Mensaje X / 00:01:20:000 / motion_capture_system(02) / pci /      2.00000 para pc(03)
Mensaje D / 00:01:20:000 / pc(03) / ... para motion_capture_system(02)
Mensaje D / 00:01:20:000 / motion_capture_system(02) / 00:00:01:040 para top(01)
Mensaje D / 00:01:20:000 / top(01) / 00:00:01:040 para Root(00)
Mensaje * / 00:01:21:040 / Root(00) para top(01)
Mensaje * / 00:01:21:040 / top(01) para motion_capture_system(02)
Mensaje * / 00:01:21:040 / motion_capture_system(02) para cameras(04)
Mensaje Y / 00:01:21:040 / cameras(04) / cam_pc /      1.00000 para motion_capture_system(02)
Mensaje D / 00:01:21:040 / cameras(04) / ... para motion_capture_system(02)
Mensaje X / 00:01:21:040 / motion_capture_system(02) / cam_pc /      1.00000 para pc(03)
Mensaje D / 00:01:21:040 / pc(03) / 00:00:00:010 para motion_capture_system(02)
Mensaje D / 00:01:21:040 / motion_capture_system(02) / 00:00:00:010 para top(01)
Mensaje D / 00:01:21:040 / top(01) / 00:00:00:010 para Root(00)
Mensaje * / 00:01:21:050 / Root(00) para top(01)
Mensaje * / 00:01:21:050 / top(01) para motion_capture_system(02)
Mensaje * / 00:01:21:050 / motion_capture_system(02) para pc(03)
Mensaje Y / 00:01:21:050 / pc(03) / dout /      1.00000 para motion_capture_system(02)
Mensaje D / 00:01:21:050 / pc(03) / 00:00:10:000 para motion_capture_system(02)
Mensaje Y / 00:01:21:050 / motion_capture_system(02) / dout /      1.00000 para top(01)
Mensaje D / 00:01:21:050 / motion_capture_system(02) / 00:00:10:000 para top(01)
Mensaje X / 00:01:21:050 / top(01) / din /      1.00000 para preprocessor(05)
Mensaje D / 00:01:21:050 / preprocessor(05) / 00:00:05:000 para top(01)
Mensaje D / 00:01:21:050 / top(01) / 00:00:05:000 para Root(00)
Mensaje * / 00:01:26:050 / Root(00) para top(01)
Mensaje * / 00:01:26:050 / top(01) para preprocessor(05)
Mensaje Y / 00:01:26:050 / preprocessor(05) / dp /      1.00000 para top(01)
Mensaje D / 00:01:26:050 / preprocessor(05) / ... para top(01)
Mensaje X / 00:01:26:050 / top(01) / dp /      1.00000 para classifier(06)
Mensaje D / 00:01:26:050 / classifier(06) / 00:00:03:000 para top(01)
Mensaje D / 00:01:26:050 / top(01) / 00:00:03:000 para Root(00)
Mensaje * / 00:01:29:050 / Root(00) para top(01)
Mensaje * / 00:01:29:050 / top(01) para classifier(06)
Mensaje D / 00:01:29:050 / classifier(06) / ... para top(01)
Mensaje D / 00:01:29:050 / top(01) / 00:00:02:000 para Root(00)
Mensaje * / 00:01:31:050 / Root(00) para top(01)
Mensaje * / 00:01:31:050 / top(01) para motion_capture_system(02)
Mensaje * / 00:01:31:050 / motion_capture_system(02) para pc(03)
Mensaje Y / 00:01:31:050 / pc(03) / pc_cam /      1.00000 para motion_capture_system(02)
Mensaje D / 00:01:31:050 / pc(03) / ... para motion_capture_system(02)
Mensaje X / 00:01:31:050 / motion_capture_system(02) / pc_cam /      1.00000 para cameras(04)
Mensaje D / 00:01:31:050 / cameras(04) / 00:00:06:000 para motion_capture_system(02)
Mensaje D / 00:01:31:050 / motion_capture_system(02) / 00:00:06:000 para top(01)
Mensaje D / 00:01:31:050 / top(01) / 00:00:06:000 para Root(00)
Mensaje * / 00:01:37:050 / Root(00) para top(01)
Mensaje * / 00:01:37:050 / top(01) para motion_capture_system(02)
Mensaje * / 00:01:37:050 / motion_capture_system(02) para cameras(04)
Mensaje Y / 00:01:37:050 / cameras(04) / cam_pc /      1.00000 para motion_capture_system(02)
Mensaje D / 00:01:37:050 / cameras(04) / ... para motion_capture_system(02)
Mensaje X / 00:01:37:050 / motion_capture_system(02) / cam_pc /      1.00000 para pc(03)
Mensaje D / 00:01:37:050 / pc(03) / 00:00:00:010 para motion_capture_system(02)
Mensaje D / 00:01:37:050 / motion_capture_system(02) / 00:00:00:010 para top(01)
Mensaje D / 00:01:37:050 / top(01) / 00:00:00:010 para Root(00)
Mensaje * / 00:01:37:060 / Root(00) para top(01)
Mensaje * / 00:01:37:060 / top(01) para motion_capture_system(02)
Mensaje * / 00:01:37:060 / motion_capture_system(02) para pc(03)
Mensaje Y / 00:01:37:060 / pc(03) / dout /      1.00000 para motion_capture_system(02)
Mensaje D / 00:01:37:060 / pc(03) / 00:00:10:000 para motion_capture_system(02)
Mensaje Y / 00:01:37:060 / motion_capture_system(02) / dout /      1.00000 para top(01)
Mensaje D / 00:01:37:060 / motion_capture_system(02) / 00:00:10:000 para top(01)
Mensaje X / 00:01:37:060 / top(01) / din /      1.00000 para preprocessor(05)
Mensaje D / 00:01:37:060 / preprocessor(05) / 00:00:05:000 para top(01)
Mensaje D / 00:01:37:060 / top(01) / 00:00:05:000 para Root(00)
Mensaje * / 00:01:42:060 / Root(00) para top(01)
Mensaje * / 00:01:42:060 / top(01) para preprocessor(05)
Mensaje Y / 00:01:42:060 / preprocessor(05) / dp /      1.00000 para top(01)
Mensaje D / 00:01:42:060 / preprocessor(05) / ... para top(01)
Mensaje X / 00:01:42:060 / top(01) / dp /      1.00000 para classifier(06)
Mensaje D / 00:01:42:060 / classifier(06) / 00:00:03:000 para top(01)
Mensaje D / 00:01:42:060 / top(01) / 00:00:03:000 para Root(00)
Mensaje * / 00:01:45:060 / Root(00) para top(01)
Mensaje * / 00:01:45:060 / top(01) para classifier(06)
Mensaje Y / 00:01:45:060 / classifier(06) / trainacc /      1.00000 para top(01)
Mensaje D / 00:01:45:060 / classifier(06) / ... para top(01)
Mensaje X / 00:01:45:060 / top(01) / tr_ts /      1.00000 para motion_capture_system(02)
Mensaje X / 00:01:45:060 / motion_capture_system(02) / tr_ts /      1.00000 para pc(03)
Mensaje D / 00:01:45:060 / pc(03) / ... para motion_capture_system(02)
Mensaje D / 00:01:45:060 / motion_capture_system(02) / ... para top(01)
Mensaje D / 00:01:45:060 / top(01) / ... para Root(00)
Mensaje X / 00:02:00:000 / Root(00) / init /      2.00000 para top(01)
Mensaje X / 00:02:00:000 / top(01) / pci /      2.00000 para motion_capture_system(02)
Mensaje X / 00:02:00:000 / motion_capture_system(02) / pci /      2.00000 para pc(03)
Mensaje D / 00:02:00:000 / pc(03) / 00:00:00:010 para motion_capture_system(02)
Mensaje D / 00:02:00:000 / motion_capture_system(02) / 00:00:00:010 para top(01)
Mensaje D / 00:02:00:000 / top(01) / 00:00:00:010 para Root(00)
Mensaje * / 00:02:00:010 / Root(00) para top(01)
Mensaje * / 00:02:00:010 / top(01) para motion_capture_system(02)
Mensaje * / 00:02:00:010 / motion_capture_system(02) para pc(03)
Mensaje Y / 00:02:00:010 / pc(03) / pc_cam /      1.00000 para motion_capture_system(02)
Mensaje D / 00:02:00:010 / pc(03) / ... para motion_capture_system(02)
Mensaje X / 00:02:00:010 / motion_capture_system(02) / pc_cam /      1.00000 para cameras(04)
Mensaje D / 00:02:00:010 / cameras(04) / 00:00:06:000 para motion_capture_system(02)
Mensaje D / 00:02:00:010 / motion_capture_system(02) / 00:00:06:000 para top(01)
Mensaje D / 00:02:00:010 / top(01) / 00:00:06:000 para Root(00)
Mensaje X / 00:02:03:000 / Root(00) / init /      2.00000 para top(01)
Mensaje X / 00:02:03:000 / top(01) / pci /      2.00000 para motion_capture_system(02)
Mensaje X / 00:02:03:000 / motion_capture_system(02) / pci /      2.00000 para pc(03)
Mensaje D / 00:02:03:000 / pc(03) / ... para motion_capture_system(02)
Mensaje D / 00:02:03:000 / motion_capture_system(02) / 00:00:03:010 para top(01)
Mensaje D / 00:02:03:000 / top(01) / 00:00:03:010 para Root(00)
Mensaje * / 00:02:06:010 / Root(00) para top(01)
Mensaje * / 00:02:06:010 / top(01) para motion_capture_system(02)
Mensaje * / 00:02:06:010 / motion_capture_system(02) para cameras(04)
Mensaje Y / 00:02:06:010 / cameras(04) / cam_pc /      1.00000 para motion_capture_system(02)
Mensaje D / 00:02:06:010 / cameras(04) / ... para motion_capture_system(02)
Mensaje X / 00:02:06:010 / motion_capture_system(02) / cam_pc /      1.00000 para pc(03)
Mensaje D / 00:02:06:010 / pc(03) / 00:00:00:010 para motion_capture_system(02)
Mensaje D / 00:02:06:010 / motion_capture_system(02) / 00:00:00:010 para top(01)
Mensaje D / 00:02:06:010 / top(01) / 00:00:00:010 para Root(00)
Mensaje * / 00:02:06:020 / Root(00) para top(01)
Mensaje * / 00:02:06:020 / top(01) para motion_capture_system(02)
Mensaje * / 00:02:06:020 / motion_capture_system(02) para pc(03)
Mensaje Y / 00:02:06:020 / pc(03) / dout /      1.00000 para motion_capture_system(02)
Mensaje D / 00:02:06:020 / pc(03) / ... para motion_capture_system(02)
Mensaje Y / 00:02:06:020 / motion_capture_system(02) / dout /      1.00000 para top(01)
Mensaje D / 00:02:06:020 / motion_capture_system(02) / ... para top(01)
Mensaje X / 00:02:06:020 / top(01) / din /      1.00000 para preprocessor(05)
Mensaje D / 00:02:06:020 / preprocessor(05) / 00:00:05:000 para top(01)
Mensaje D / 00:02:06:020 / top(01) / 00:00:05:000 para Root(00)
Mensaje * / 00:02:11:020 / Root(00) para top(01)
Mensaje * / 00:02:11:020 / top(01) para preprocessor(05)
Mensaje Y / 00:02:11:020 / preprocessor(05) / dp /      1.00000 para top(01)
Mensaje D / 00:02:11:020 / preprocessor(05) / ... para top(01)
Mensaje X / 00:02:11:020 / top(01) / dp /      1.00000 para classifier(06)
Mensaje D / 00:02:11:020 / classifier(06) / 00:00:03:000 para top(01)
Mensaje D / 00:02:11:020 / top(01) / 00:00:03:000 para Root(00)
Mensaje * / 00:02:14:020 / Root(00) para top(01)
Mensaje * / 00:02:14:020 / top(01) para classifier(06)
Mensaje Y / 00:02:14:020 / classifier(06) / result /     92.00000 para top(01)
Mensaje D / 00:02:14:020 / classifier(06) / ... para top(01)
Mensaje Y / 00:02:14:020 / top(01) / result /     92.00000 para Root(00)
Mensaje D / 00:02:14:020 / top(01) / ... para Root(00)
Mensaje X / 00:03:00:000 / Root(00) / init /      2.00000 para top(01)
Mensaje X / 00:03:00:000 / top(01) / pci /      2.00000 para motion_capture_system(02)
Mensaje X / 00:03:00:000 / motion_capture_system(02) / pci /      2.00000 para pc(03)
Mensaje D / 00:03:00:000 / pc(03) / 00:00:00:010 para motion_capture_system(02)
Mensaje D / 00:03:00:000 / motion_capture_system(02) / 00:00:00:010 para top(01)
Mensaje D / 00:03:00:000 / top(01) / 00:00:00:010 para Root(00)
Mensaje * / 00:03:00:010 / Root(00) para top(01)
Mensaje * / 00:03:00:010 / top(01) para motion_capture_system(02)
Mensaje * / 00:03:00:010 / motion_capture_system(02) para pc(03)
Mensaje Y / 00:03:00:010 / pc(03) / pc_cam /      1.00000 para motion_capture_system(02)
Mensaje D / 00:03:00:010 / pc(03) / ... para motion_capture_system(02)
Mensaje X / 00:03:00:010 / motion_capture_system(02) / pc_cam /      1.00000 para cameras(04)
Mensaje D / 00:03:00:010 / cameras(04) / 00:00:06:000 para motion_capture_system(02)
Mensaje D / 00:03:00:010 / motion_capture_system(02) / 00:00:06:000 para top(01)
Mensaje D / 00:03:00:010 / top(01) / 00:00:06:000 para Root(00)
Mensaje X / 00:03:06:000 / Root(00) / init /      2.00000 para top(01)
Mensaje X / 00:03:06:000 / top(01) / pci /      2.00000 para motion_capture_system(02)
Mensaje X / 00:03:06:000 / motion_capture_system(02) / pci /      2.00000 para pc(03)
Mensaje D / 00:03:06:000 / pc(03) / ... para motion_capture_system(02)
Mensaje D / 00:03:06:000 / motion_capture_system(02) / 00:00:00:010 para top(01)
Mensaje D / 00:03:06:000 / top(01) / 00:00:00:010 para Root(00)
Mensaje * / 00:03:06:010 / Root(00) para top(01)
Mensaje * / 00:03:06:010 / top(01) para motion_capture_system(02)
Mensaje * / 00:03:06:010 / motion_capture_system(02) para cameras(04)
Mensaje Y / 00:03:06:010 / cameras(04) / cam_pc /      1.00000 para motion_capture_system(02)
Mensaje D / 00:03:06:010 / cameras(04) / ... para motion_capture_system(02)
Mensaje X / 00:03:06:010 / motion_capture_system(02) / cam_pc /      1.00000 para pc(03)
Mensaje D / 00:03:06:010 / pc(03) / 00:00:00:010 para motion_capture_system(02)
Mensaje D / 00:03:06:010 / motion_capture_system(02) / 00:00:00:010 para top(01)
Mensaje D / 00:03:06:010 / top(01) / 00:00:00:010 para Root(00)
Mensaje * / 00:03:06:020 / Root(00) para top(01)
Mensaje * / 00:03:06:020 / top(01) para motion_capture_system(02)
Mensaje * / 00:03:06:020 / motion_capture_system(02) para pc(03)
Mensaje Y / 00:03:06:020 / pc(03) / dout /      1.00000 para motion_capture_system(02)
Mensaje D / 00:03:06:020 / pc(03) / ... para motion_capture_system(02)
Mensaje Y / 00:03:06:020 / motion_capture_system(02) / dout /      1.00000 para top(01)
Mensaje D / 00:03:06:020 / motion_capture_system(02) / ... para top(01)
Mensaje X / 00:03:06:020 / top(01) / din /      1.00000 para preprocessor(05)
Mensaje D / 00:03:06:020 / preprocessor(05) / 00:00:05:000 para top(01)
Mensaje D / 00:03:06:020 / top(01) / 00:00:05:000 para Root(00)
Mensaje X / 00:03:06:050 / Root(00) / init /      2.00000 para top(01)
Mensaje X / 00:03:06:050 / top(01) / pci /      2.00000 para motion_capture_system(02)
Mensaje X / 00:03:06:050 / motion_capture_system(02) / pci /      2.00000 para pc(03)
Mensaje D / 00:03:06:050 / pc(03) / 00:00:00:010 para motion_capture_system(02)
Mensaje D / 00:03:06:050 / motion_capture_system(02) / 00:00:00:010 para top(01)
Mensaje D / 00:03:06:050 / top(01) / 00:00:00:010 para Root(00)
Mensaje * / 00:03:06:060 / Root(00) para top(01)
Mensaje * / 00:03:06:060 / top(01) para motion_capture_system(02)
Mensaje * / 00:03:06:060 / motion_capture_system(02) para pc(03)
Mensaje Y / 00:03:06:060 / pc(03) / pc_cam /      1.00000 para motion_capture_system(02)
Mensaje D / 00:03:06:060 / pc(03) / ... para motion_capture_system(02)
Mensaje X / 00:03:06:060 / motion_capture_system(02) / pc_cam /      1.00000 para cameras(04)
Mensaje D / 00:03:06:060 / cameras(04) / 00:00:06:000 para motion_capture_system(02)
Mensaje D / 00:03:06:060 / motion_capture_system(02) / 00:00:06:000 para top(01)
Mensaje D / 00:03:06:060 / top(01) / 00:00:04:960 para Root(00)
Mensaje X / 00:03:07:000 / Root(00) / init /      2.00000 para top(01)
Mensaje X / 00:03:07:000 / top(01) / pci /      2.00000 para motion_capture_system(02)
Mensaje X / 00:03:07:000 / motion_capture_system(02) / pci /      2.00000 para pc(03)
Mensaje D / 00:03:07:000 / pc(03) / ... para motion_capture_system(02)
Mensaje D / 00:03:07:000 / motion_capture_system(02) / 00:00:05:060 para top(01)
Mensaje D / 00:03:07:000 / top(01) / 00:00:04:020 para Root(00)
Mensaje X / 00:03:08:000 / Root(00) / init /      2.00000 para top(01)
Mensaje X / 00:03:08:000 / top(01) / pci /      2.00000 para motion_capture_system(02)
Mensaje X / 00:03:08:000 / motion_capture_system(02) / pci /      2.00000 para pc(03)
Mensaje D / 00:03:08:000 / pc(03) / ... para motion_capture_system(02)
Mensaje D / 00:03:08:000 / motion_capture_system(02) / 00:00:04:060 para top(01)
Mensaje D / 00:03:08:000 / top(01) / 00:00:03:020 para Root(00)
Mensaje * / 00:03:11:020 / Root(00) para top(01)
Mensaje * / 00:03:11:020 / top(01) para preprocessor(05)
Mensaje Y / 00:03:11:020 / preprocessor(05) / dp /      1.00000 para top(01)
Mensaje D / 00:03:11:020 / preprocessor(05) / ... para top(01)
Mensaje X / 00:03:11:020 / top(01) / dp /      1.00000 para classifier(06)
Mensaje D / 00:03:11:020 / classifier(06) / 00:00:03:000 para top(01)
Mensaje D / 00:03:11:020 / top(01) / 00:00:01:040 para Root(00)
Mensaje * / 00:03:12:060 / Root(00) para top(01)
Mensaje * / 00:03:12:060 / top(01) para motion_capture_system(02)
Mensaje * / 00:03:12:060 / motion_capture_system(02) para cameras(04)
Mensaje Y / 00:03:12:060 / cameras(04) / cam_pc /      1.00000 para motion_capture_system(02)
Mensaje D / 00:03:12:060 / cameras(04) / ... para motion_capture_system(02)
Mensaje X / 00:03:12:060 / motion_capture_system(02) / cam_pc /      1.00000 para pc(03)
Mensaje D / 00:03:12:060 / pc(03) / 00:00:00:010 para motion_capture_system(02)
Mensaje D / 00:03:12:060 / motion_capture_system(02) / 00:00:00:010 para top(01)
Mensaje D / 00:03:12:060 / top(01) / 00:00:00:010 para Root(00)
Mensaje * / 00:03:12:070 / Root(00) para top(01)
Mensaje * / 00:03:12:070 / top(01) para motion_capture_system(02)
Mensaje * / 00:03:12:070 / motion_capture_system(02) para pc(03)
Mensaje Y / 00:03:12:070 / pc(03) / dout /      1.00000 para motion_capture_system(02)
Mensaje D / 00:03:12:070 / pc(03) / ... para motion_capture_system(02)
Mensaje Y / 00:03:12:070 / motion_capture_system(02) / dout /      1.00000 para top(01)
Mensaje D / 00:03:12:070 / motion_capture_system(02) / ... para top(01)
Mensaje X / 00:03:12:070 / top(01) / din /      1.00000 para preprocessor(05)
Mensaje D / 00:03:12:070 / preprocessor(05) / 00:00:05:000 para top(01)
Mensaje D / 00:03:12:070 / top(01) / 00:00:01:950 para Root(00)
Mensaje * / 00:03:14:020 / Root(00) para top(01)
Mensaje * / 00:03:14:020 / top(01) para classifier(06)
Mensaje Y / 00:03:14:020 / classifier(06) / result /     91.00000 para top(01)
Mensaje D / 00:03:14:020 / classifier(06) / ... para top(01)
Mensaje Y / 00:03:14:020 / top(01) / result /     91.00000 para Root(00)
Mensaje D / 00:03:14:020 / top(01) / 00:00:03:050 para Root(00)
Mensaje * / 00:03:17:070 / Root(00) para top(01)
Mensaje * / 00:03:17:070 / top(01) para preprocessor(05)
Mensaje Y / 00:03:17:070 / preprocessor(05) / dp /      1.00000 para top(01)
Mensaje D / 00:03:17:070 / preprocessor(05) / ... para top(01)
Mensaje X / 00:03:17:070 / top(01) / dp /      1.00000 para classifier(06)
Mensaje D / 00:03:17:070 / classifier(06) / 00:00:03:000 para top(01)
Mensaje D / 00:03:17:070 / top(01) / 00:00:03:000 para Root(00)
Mensaje * / 00:03:20:070 / Root(00) para top(01)
Mensaje * / 00:03:20:070 / top(01) para classifier(06)
Mensaje Y / 00:03:20:070 / classifier(06) / result /     92.00000 para top(01)
Mensaje D / 00:03:20:070 / classifier(06) / ... para top(01)
Mensaje Y / 00:03:20:070 / top(01) / result /     92.00000 para Root(00)
Mensaje D / 00:03:20:070 / top(01) / ... para Root(00)
Mensaje X / 00:05:00:000 / Root(00) / init /      2.00000 para top(01)
Mensaje X / 00:05:00:000 / top(01) / pci /      2.00000 para motion_capture_system(02)
Mensaje X / 00:05:00:000 / motion_capture_system(02) / pci /      2.00000 para pc(03)
Mensaje D / 00:05:00:000 / pc(03) / 00:00:00:010 para motion_capture_system(02)
Mensaje D / 00:05:00:000 / motion_capture_system(02) / 00:00:00:010 para top(01)
Mensaje D / 00:05:00:000 / top(01) / 00:00:00:010 para Root(00)
Mensaje * / 00:05:00:010 / Root(00) para top(01)
Mensaje * / 00:05:00:010 / top(01) para motion_capture_system(02)
Mensaje * / 00:05:00:010 / motion_capture_system(02) para pc(03)
Mensaje Y / 00:05:00:010 / pc(03) / pc_cam /      1.00000 para motion_capture_system(02)
Mensaje D / 00:05:00:010 / pc(03) / ... para motion_capture_system(02)
Mensaje X / 00:05:00:010 / motion_capture_system(02) / pc_cam /      1.00000 para cameras(04)
Mensaje D / 00:05:00:010 / cameras(04) / 00:00:06:000 para motion_capture_system(02)
Mensaje D / 00:05:00:010 / motion_capture_system(02) / 00:00:06:000 para top(01)
Mensaje D / 00:05:00:010 / top(01) / 00:00:06:000 para Root(00)
Mensaje * / 00:05:06:010 / Root(00) para top(01)
Mensaje * / 00:05:06:010 / top(01) para motion_capture_system(02)
Mensaje * / 00:05:06:010 / motion_capture_system(02) para cameras(04)
Mensaje Y / 00:05:06:010 / cameras(04) / cam_pc /      1.00000 para motion_capture_system(02)
Mensaje D / 00:05:06:010 / cameras(04) / ... para motion_capture_system(02)
Mensaje X / 00:05:06:010 / motion_capture_system(02) / cam_pc /      1.00000 para pc(03)
Mensaje D / 00:05:06:010 / pc(03) / 00:00:00:010 para motion_capture_system(02)
Mensaje D / 00:05:06:010 / motion_capture_system(02) / 00:00:00:010 para top(01)
Mensaje D / 00:05:06:010 / top(01) / 00:00:00:010 para Root(00)
Mensaje * / 00:05:06:020 / Root(00) para top(01)
Mensaje * / 00:05:06:020 / top(01) para motion_capture_system(02)
Mensaje * / 00:05:06:020 / motion_capture_system(02) para pc(03)
Mensaje Y / 00:05:06:020 / pc(03) / dout /      1.00000 para motion_capture_system(02)
Mensaje D / 00:05:06:020 / pc(03) / ... para motion_capture_system(02)
Mensaje Y / 00:05:06:020 / motion_capture_system(02) / dout /      1.00000 para top(01)
Mensaje D / 00:05:06:020 / motion_capture_system(02) / ... para top(01)
Mensaje X / 00:05:06:020 / top(01) / din /      1.00000 para preprocessor(05)
Mensaje D / 00:05:06:020 / preprocessor(05) / 00:00:05:000 para top(01)
Mensaje D / 00:05:06:020 / top(01) / 00:00:05:000 para Root(00)
Mensaje * / 00:05:11:020 / Root(00) para top(01)
Mensaje * / 00:05:11:020 / top(01) para preprocessor(05)
Mensaje Y / 00:05:11:020 / preprocessor(05) / dp /      1.00000 para top(01)
Mensaje D / 00:05:11:020 / preprocessor(05) / ... para top(01)
Mensaje X / 00:05:11:020 / top(01) / dp /      1.00000 para classifier(06)
Mensaje D / 00:05:11:020 / classifier(06) / 00:00:03:000 para top(01)
Mensaje D / 00:05:11:020 / top(01) / 00:00:03:000 para Root(00)
Mensaje * / 00:05:14:020 / Root(00) para top(01)
Mensaje * / 00:05:14:020 / top(01) para classifier(06)
Mensaje Y / 00:05:14:020 / classifier(06) / result /     93.00000 para top(01)
Mensaje D / 00:05:14:020 / classifier(06) / ... para top(01)
Mensaje Y / 00:05:14:020 / top(01) / result /     93.00000 para Root(00)
Mensaje D / 00:05:14:020 / top(01) / ... para Root(00)
Mensaje X / 00:10:00:000 / Root(00) / init /      2.00000 para top(01)
Mensaje X / 00:10:00:000 / top(01) / pci /      2.00000 para motion_capture_system(02)
Mensaje X / 00:10:00:000 / motion_capture_system(02) / pci /      2.00000 para pc(03)
Mensaje D / 00:10:00:000 / pc(03) / 00:00:00:010 para motion_capture_system(02)
Mensaje D / 00:10:00:000 / motion_capture_system(02) / 00:00:00:010 para top(01)
Mensaje D / 00:10:00:000 / top(01) / 00:00:00:010 para Root(00)
Mensaje * / 00:10:00:010 / Root(00) para top(01)
Mensaje * / 00:10:00:010 / top(01) para motion_capture_system(02)
Mensaje * / 00:10:00:010 / motion_capture_system(02) para pc(03)
Mensaje Y / 00:10:00:010 / pc(03) / pc_cam /      1.00000 para motion_capture_system(02)
Mensaje D / 00:10:00:010 / pc(03) / ... para motion_capture_system(02)
Mensaje X / 00:10:00:010 / motion_capture_system(02) / pc_cam /      1.00000 para cameras(04)
Mensaje D / 00:10:00:010 / cameras(04) / 00:00:06:000 para motion_capture_system(02)
Mensaje D / 00:10:00:010 / motion_capture_system(02) / 00:00:06:000 para top(01)
Mensaje D / 00:10:00:010 / top(01) / 00:00:06:000 para Root(00)
Mensaje * / 00:10:06:010 / Root(00) para top(01)
Mensaje * / 00:10:06:010 / top(01) para motion_capture_system(02)
Mensaje * / 00:10:06:010 / motion_capture_system(02) para cameras(04)
Mensaje Y / 00:10:06:010 / cameras(04) / cam_pc /      1.00000 para motion_capture_system(02)
Mensaje D / 00:10:06:010 / cameras(04) / ... para motion_capture_system(02)
Mensaje X / 00:10:06:010 / motion_capture_system(02) / cam_pc /      1.00000 para pc(03)
Mensaje D / 00:10:06:010 / pc(03) / 00:00:00:010 para motion_capture_system(02)
Mensaje D / 00:10:06:010 / motion_capture_system(02) / 00:00:00:010 para top(01)
Mensaje D / 00:10:06:010 / top(01) / 00:00:00:010 para Root(00)
Mensaje * / 00:10:06:020 / Root(00) para top(01)
Mensaje * / 00:10:06:020 / top(01) para motion_capture_system(02)
Mensaje * / 00:10:06:020 / motion_capture_system(02) para pc(03)
Mensaje Y / 00:10:06:020 / pc(03) / dout /      1.00000 para motion_capture_system(02)
Mensaje D / 00:10:06:020 / pc(03) / ... para motion_capture_system(02)
Mensaje Y / 00:10:06:020 / motion_capture_system(02) / dout /      1.00000 para top(01)
Mensaje D / 00:10:06:020 / motion_capture_system(02) / ... para top(01)
Mensaje X / 00:10:06:020 / top(01) / din /      1.00000 para preprocessor(05)
Mensaje D / 00:10:06:020 / preprocessor(05) / 00:00:05:000 para top(01)
Mensaje D / 00:10:06:020 / top(01) / 00:00:05:000 para Root(00)
Mensaje * / 00:10:11:020 / Root(00) para top(01)
Mensaje * / 00:10:11:020 / top(01) para preprocessor(05)
Mensaje Y / 00:10:11:020 / preprocessor(05) / dp /      1.00000 para top(01)
Mensaje D / 00:10:11:020 / preprocessor(05) / ... para top(01)
Mensaje X / 00:10:11:020 / top(01) / dp /      1.00000 para classifier(06)
Mensaje D / 00:10:11:020 / classifier(06) / 00:00:03:000 para top(01)
Mensaje D / 00:10:11:020 / top(01) / 00:00:03:000 para Root(00)
Mensaje * / 00:10:14:020 / Root(00) para top(01)
Mensaje * / 00:10:14:020 / top(01) para classifier(06)
Mensaje Y / 00:10:14:020 / classifier(06) / result /     91.00000 para top(01)
Mensaje D / 00:10:14:020 / classifier(06) / ... para top(01)
Mensaje Y / 00:10:14:020 / top(01) / result /     91.00000 para Root(00)
Mensaje D / 00:10:14:020 / top(01) / ... para Root(00)
