Mensaje I / 00:00:00:000 / Root(00) para top(01)
Mensaje I / 00:00:00:000 / top(01) para pc(02)
Mensaje I / 00:00:00:000 / top(01) para cameras(03)
Mensaje D / 00:00:00:000 / pc(02) / ... para top(01)
Mensaje D / 00:00:00:000 / cameras(03) / ... para top(01)
Mensaje D / 00:00:00:000 / top(01) / ... para Root(00)
Mensaje X / 00:00:01:000 / Root(00) / pci /      1.00000 para top(01)
Mensaje X / 00:00:01:000 / top(01) / pci /      1.00000 para pc(02)
Mensaje D / 00:00:01:000 / pc(02) / 00:00:10:000 para top(01)
Mensaje D / 00:00:01:000 / top(01) / 00:00:10:000 para Root(00)
Mensaje * / 00:00:11:000 / Root(00) para top(01)
Mensaje * / 00:00:11:000 / top(01) para pc(02)
Mensaje Y / 00:00:11:000 / pc(02) / pc_cam /      1.00000 para top(01)
Mensaje D / 00:00:11:000 / pc(02) / ... para top(01)
Mensaje X / 00:00:11:000 / top(01) / pc_cam /      1.00000 para cameras(03)
Mensaje D / 00:00:11:000 / cameras(03) / 00:00:06:000 para top(01)
Mensaje D / 00:00:11:000 / top(01) / 00:00:06:000 para Root(00)
Mensaje * / 00:00:17:000 / Root(00) para top(01)
Mensaje * / 00:00:17:000 / top(01) para cameras(03)
Mensaje Y / 00:00:17:000 / cameras(03) / cam_pc /      1.00000 para top(01)
Mensaje D / 00:00:17:000 / cameras(03) / ... para top(01)
Mensaje X / 00:00:17:000 / top(01) / cam_pc /      1.00000 para pc(02)
Mensaje D / 00:00:17:000 / pc(02) / 00:00:00:010 para top(01)
Mensaje D / 00:00:17:000 / top(01) / 00:00:00:010 para Root(00)
Mensaje * / 00:00:17:010 / Root(00) para top(01)
Mensaje * / 00:00:17:010 / top(01) para pc(02)
Mensaje Y / 00:00:17:010 / pc(02) / dout /      1.00000 para top(01)
Mensaje D / 00:00:17:010 / pc(02) / 00:00:10:000 para top(01)
Mensaje Y / 00:00:17:010 / top(01) / dout /      1.00000 para Root(00)
Mensaje D / 00:00:17:010 / top(01) / 00:00:10:000 para Root(00)
Mensaje * / 00:00:27:010 / Root(00) para top(01)
Mensaje * / 00:00:27:010 / top(01) para pc(02)
Mensaje Y / 00:00:27:010 / pc(02) / pc_cam /      1.00000 para top(01)
Mensaje D / 00:00:27:010 / pc(02) / ... para top(01)
Mensaje X / 00:00:27:010 / top(01) / pc_cam /      1.00000 para cameras(03)
Mensaje D / 00:00:27:010 / cameras(03) / 00:00:06:000 para top(01)
Mensaje D / 00:00:27:010 / top(01) / 00:00:06:000 para Root(00)
Mensaje * / 00:00:33:010 / Root(00) para top(01)
Mensaje * / 00:00:33:010 / top(01) para cameras(03)
Mensaje Y / 00:00:33:010 / cameras(03) / cam_pc /      1.00000 para top(01)
Mensaje D / 00:00:33:010 / cameras(03) / ... para top(01)
Mensaje X / 00:00:33:010 / top(01) / cam_pc /      1.00000 para pc(02)
Mensaje D / 00:00:33:010 / pc(02) / 00:00:00:010 para top(01)
Mensaje D / 00:00:33:010 / top(01) / 00:00:00:010 para Root(00)
Mensaje * / 00:00:33:020 / Root(00) para top(01)
Mensaje * / 00:00:33:020 / top(01) para pc(02)
Mensaje Y / 00:00:33:020 / pc(02) / dout /      1.00000 para top(01)
Mensaje D / 00:00:33:020 / pc(02) / 00:00:10:000 para top(01)
Mensaje Y / 00:00:33:020 / top(01) / dout /      1.00000 para Root(00)
Mensaje D / 00:00:33:020 / top(01) / 00:00:10:000 para Root(00)
Mensaje * / 00:00:43:020 / Root(00) para top(01)
Mensaje * / 00:00:43:020 / top(01) para pc(02)
Mensaje Y / 00:00:43:020 / pc(02) / pc_cam /      1.00000 para top(01)
Mensaje D / 00:00:43:020 / pc(02) / ... para top(01)
Mensaje X / 00:00:43:020 / top(01) / pc_cam /      1.00000 para cameras(03)
Mensaje D / 00:00:43:020 / cameras(03) / 00:00:06:000 para top(01)
Mensaje D / 00:00:43:020 / top(01) / 00:00:06:000 para Root(00)
Mensaje * / 00:00:49:020 / Root(00) para top(01)
Mensaje * / 00:00:49:020 / top(01) para cameras(03)
Mensaje Y / 00:00:49:020 / cameras(03) / cam_pc /      1.00000 para top(01)
Mensaje D / 00:00:49:020 / cameras(03) / ... para top(01)
Mensaje X / 00:00:49:020 / top(01) / cam_pc /      1.00000 para pc(02)
Mensaje D / 00:00:49:020 / pc(02) / 00:00:00:010 para top(01)
Mensaje D / 00:00:49:020 / top(01) / 00:00:00:010 para Root(00)
Mensaje * / 00:00:49:030 / Root(00) para top(01)
Mensaje * / 00:00:49:030 / top(01) para pc(02)
Mensaje Y / 00:00:49:030 / pc(02) / dout /      1.00000 para top(01)
Mensaje D / 00:00:49:030 / pc(02) / 00:00:10:000 para top(01)
Mensaje Y / 00:00:49:030 / top(01) / dout /      1.00000 para Root(00)
Mensaje D / 00:00:49:030 / top(01) / 00:00:10:000 para Root(00)
Mensaje * / 00:00:59:030 / Root(00) para top(01)
Mensaje * / 00:00:59:030 / top(01) para pc(02)
Mensaje Y / 00:00:59:030 / pc(02) / pc_cam /      1.00000 para top(01)
Mensaje D / 00:00:59:030 / pc(02) / ... para top(01)
Mensaje X / 00:00:59:030 / top(01) / pc_cam /      1.00000 para cameras(03)
Mensaje D / 00:00:59:030 / cameras(03) / 00:00:06:000 para top(01)
Mensaje D / 00:00:59:030 / top(01) / 00:00:06:000 para Root(00)
Mensaje * / 00:01:05:030 / Root(00) para top(01)
Mensaje * / 00:01:05:030 / top(01) para cameras(03)
Mensaje Y / 00:01:05:030 / cameras(03) / cam_pc /      1.00000 para top(01)
Mensaje D / 00:01:05:030 / cameras(03) / ... para top(01)
Mensaje X / 00:01:05:030 / top(01) / cam_pc /      1.00000 para pc(02)
Mensaje D / 00:01:05:030 / pc(02) / 00:00:00:010 para top(01)
Mensaje D / 00:01:05:030 / top(01) / 00:00:00:010 para Root(00)
Mensaje * / 00:01:05:040 / Root(00) para top(01)
Mensaje * / 00:01:05:040 / top(01) para pc(02)
Mensaje Y / 00:01:05:040 / pc(02) / dout /      1.00000 para top(01)
Mensaje D / 00:01:05:040 / pc(02) / 00:00:10:000 para top(01)
Mensaje Y / 00:01:05:040 / top(01) / dout /      1.00000 para Root(00)
Mensaje D / 00:01:05:040 / top(01) / 00:00:10:000 para Root(00)
Mensaje * / 00:01:15:040 / Root(00) para top(01)
Mensaje * / 00:01:15:040 / top(01) para pc(02)
Mensaje Y / 00:01:15:040 / pc(02) / pc_cam /      1.00000 para top(01)
Mensaje D / 00:01:15:040 / pc(02) / ... para top(01)
Mensaje X / 00:01:15:040 / top(01) / pc_cam /      1.00000 para cameras(03)
Mensaje D / 00:01:15:040 / cameras(03) / 00:00:06:000 para top(01)
Mensaje D / 00:01:15:040 / top(01) / 00:00:06:000 para Root(00)
Mensaje * / 00:01:21:040 / Root(00) para top(01)
Mensaje * / 00:01:21:040 / top(01) para cameras(03)
Mensaje Y / 00:01:21:040 / cameras(03) / cam_pc /      1.00000 para top(01)
Mensaje D / 00:01:21:040 / cameras(03) / ... para top(01)
Mensaje X / 00:01:21:040 / top(01) / cam_pc /      1.00000 para pc(02)
Mensaje D / 00:01:21:040 / pc(02) / 00:00:00:010 para top(01)
Mensaje D / 00:01:21:040 / top(01) / 00:00:00:010 para Root(00)
Mensaje * / 00:01:21:050 / Root(00) para top(01)
Mensaje * / 00:01:21:050 / top(01) para pc(02)
Mensaje Y / 00:01:21:050 / pc(02) / dout /      1.00000 para top(01)
Mensaje D / 00:01:21:050 / pc(02) / 00:00:10:000 para top(01)
Mensaje Y / 00:01:21:050 / top(01) / dout /      1.00000 para Root(00)
Mensaje D / 00:01:21:050 / top(01) / 00:00:10:000 para Root(00)
Mensaje * / 00:01:31:050 / Root(00) para top(01)
Mensaje * / 00:01:31:050 / top(01) para pc(02)
Mensaje Y / 00:01:31:050 / pc(02) / pc_cam /      1.00000 para top(01)
Mensaje D / 00:01:31:050 / pc(02) / ... para top(01)
Mensaje X / 00:01:31:050 / top(01) / pc_cam /      1.00000 para cameras(03)
Mensaje D / 00:01:31:050 / cameras(03) / 00:00:06:000 para top(01)
Mensaje D / 00:01:31:050 / top(01) / 00:00:06:000 para Root(00)
Mensaje * / 00:01:37:050 / Root(00) para top(01)
Mensaje * / 00:01:37:050 / top(01) para cameras(03)
Mensaje Y / 00:01:37:050 / cameras(03) / cam_pc /      1.00000 para top(01)
Mensaje D / 00:01:37:050 / cameras(03) / ... para top(01)
Mensaje X / 00:01:37:050 / top(01) / cam_pc /      1.00000 para pc(02)
Mensaje D / 00:01:37:050 / pc(02) / 00:00:00:010 para top(01)
Mensaje D / 00:01:37:050 / top(01) / 00:00:00:010 para Root(00)
Mensaje * / 00:01:37:060 / Root(00) para top(01)
Mensaje * / 00:01:37:060 / top(01) para pc(02)
Mensaje Y / 00:01:37:060 / pc(02) / dout /      1.00000 para top(01)
Mensaje D / 00:01:37:060 / pc(02) / 00:00:10:000 para top(01)
Mensaje Y / 00:01:37:060 / top(01) / dout /      1.00000 para Root(00)
Mensaje D / 00:01:37:060 / top(01) / 00:00:10:000 para Root(00)
Mensaje * / 00:01:47:060 / Root(00) para top(01)
Mensaje * / 00:01:47:060 / top(01) para pc(02)
Mensaje Y / 00:01:47:060 / pc(02) / pc_cam /      1.00000 para top(01)
Mensaje D / 00:01:47:060 / pc(02) / ... para top(01)
Mensaje X / 00:01:47:060 / top(01) / pc_cam /      1.00000 para cameras(03)
Mensaje D / 00:01:47:060 / cameras(03) / 00:00:06:000 para top(01)
Mensaje D / 00:01:47:060 / top(01) / 00:00:06:000 para Root(00)
Mensaje * / 00:01:53:060 / Root(00) para top(01)
Mensaje * / 00:01:53:060 / top(01) para cameras(03)
Mensaje Y / 00:01:53:060 / cameras(03) / cam_pc /      1.00000 para top(01)
Mensaje D / 00:01:53:060 / cameras(03) / ... para top(01)
Mensaje X / 00:01:53:060 / top(01) / cam_pc /      1.00000 para pc(02)
Mensaje D / 00:01:53:060 / pc(02) / 00:00:00:010 para top(01)
Mensaje D / 00:01:53:060 / top(01) / 00:00:00:010 para Root(00)
Mensaje * / 00:01:53:070 / Root(00) para top(01)
Mensaje * / 00:01:53:070 / top(01) para pc(02)
Mensaje Y / 00:01:53:070 / pc(02) / dout /      1.00000 para top(01)
Mensaje D / 00:01:53:070 / pc(02) / 00:00:10:000 para top(01)
Mensaje Y / 00:01:53:070 / top(01) / dout /      1.00000 para Root(00)
Mensaje D / 00:01:53:070 / top(01) / 00:00:10:000 para Root(00)
Mensaje X / 00:02:00:000 / Root(00) / tr_ts /      1.00000 para top(01)
Mensaje X / 00:02:00:000 / top(01) / tr_ts /      1.00000 para pc(02)
Mensaje D / 00:02:00:000 / pc(02) / ... para top(01)
Mensaje D / 00:02:00:000 / top(01) / ... para Root(00)
Mensaje X / 00:02:37:000 / Root(00) / pci /      2.00000 para top(01)
Mensaje X / 00:02:37:000 / top(01) / pci /      2.00000 para pc(02)
Mensaje D / 00:02:37:000 / pc(02) / 00:00:00:010 para top(01)
Mensaje D / 00:02:37:000 / top(01) / 00:00:00:010 para Root(00)
Mensaje * / 00:02:37:010 / Root(00) para top(01)
Mensaje * / 00:02:37:010 / top(01) para pc(02)
Mensaje Y / 00:02:37:010 / pc(02) / pc_cam /      1.00000 para top(01)
Mensaje D / 00:02:37:010 / pc(02) / ... para top(01)
Mensaje X / 00:02:37:010 / top(01) / pc_cam /      1.00000 para cameras(03)
Mensaje D / 00:02:37:010 / cameras(03) / 00:00:06:000 para top(01)
Mensaje D / 00:02:37:010 / top(01) / 00:00:06:000 para Root(00)
Mensaje * / 00:02:43:010 / Root(00) para top(01)
Mensaje * / 00:02:43:010 / top(01) para cameras(03)
Mensaje Y / 00:02:43:010 / cameras(03) / cam_pc /      1.00000 para top(01)
Mensaje D / 00:02:43:010 / cameras(03) / ... para top(01)
Mensaje X / 00:02:43:010 / top(01) / cam_pc /      1.00000 para pc(02)
Mensaje D / 00:02:43:010 / pc(02) / 00:00:00:010 para top(01)
Mensaje D / 00:02:43:010 / top(01) / 00:00:00:010 para Root(00)
Mensaje * / 00:02:43:020 / Root(00) para top(01)
Mensaje * / 00:02:43:020 / top(01) para pc(02)
Mensaje Y / 00:02:43:020 / pc(02) / dout /      1.00000 para top(01)
Mensaje D / 00:02:43:020 / pc(02) / ... para top(01)
Mensaje Y / 00:02:43:020 / top(01) / dout /      1.00000 para Root(00)
Mensaje D / 00:02:43:020 / top(01) / ... para Root(00)
Mensaje X / 00:02:57:000 / Root(00) / pci /      2.00000 para top(01)
Mensaje X / 00:02:57:000 / top(01) / pci /      2.00000 para pc(02)
Mensaje D / 00:02:57:000 / pc(02) / 00:00:00:010 para top(01)
Mensaje D / 00:02:57:000 / top(01) / 00:00:00:010 para Root(00)
Mensaje * / 00:02:57:010 / Root(00) para top(01)
Mensaje * / 00:02:57:010 / top(01) para pc(02)
Mensaje Y / 00:02:57:010 / pc(02) / pc_cam /      1.00000 para top(01)
Mensaje D / 00:02:57:010 / pc(02) / ... para top(01)
Mensaje X / 00:02:57:010 / top(01) / pc_cam /      1.00000 para cameras(03)
Mensaje D / 00:02:57:010 / cameras(03) / 00:00:06:000 para top(01)
Mensaje D / 00:02:57:010 / top(01) / 00:00:06:000 para Root(00)
Mensaje * / 00:03:03:010 / Root(00) para top(01)
Mensaje * / 00:03:03:010 / top(01) para cameras(03)
Mensaje Y / 00:03:03:010 / cameras(03) / cam_pc /      1.00000 para top(01)
Mensaje D / 00:03:03:010 / cameras(03) / ... para top(01)
Mensaje X / 00:03:03:010 / top(01) / cam_pc /      1.00000 para pc(02)
Mensaje D / 00:03:03:010 / pc(02) / 00:00:00:010 para top(01)
Mensaje D / 00:03:03:010 / top(01) / 00:00:00:010 para Root(00)
Mensaje * / 00:03:03:020 / Root(00) para top(01)
Mensaje * / 00:03:03:020 / top(01) para pc(02)
Mensaje Y / 00:03:03:020 / pc(02) / dout /      1.00000 para top(01)
Mensaje D / 00:03:03:020 / pc(02) / ... para top(01)
Mensaje Y / 00:03:03:020 / top(01) / dout /      1.00000 para Root(00)
Mensaje D / 00:03:03:020 / top(01) / ... para Root(00)
Mensaje X / 00:03:15:000 / Root(00) / tr_ts /      1.00000 para top(01)
Mensaje X / 00:03:15:000 / top(01) / tr_ts /      1.00000 para pc(02)
Mensaje D / 00:03:15:000 / pc(02) / ... para top(01)
Mensaje D / 00:03:15:000 / top(01) / ... para Root(00)
Mensaje X / 00:03:18:000 / Root(00) / pci /      2.00000 para top(01)
Mensaje X / 00:03:18:000 / top(01) / pci /      2.00000 para pc(02)
Mensaje D / 00:03:18:000 / pc(02) / 00:00:00:010 para top(01)
Mensaje D / 00:03:18:000 / top(01) / 00:00:00:010 para Root(00)
Mensaje * / 00:03:18:010 / Root(00) para top(01)
Mensaje * / 00:03:18:010 / top(01) para pc(02)
Mensaje Y / 00:03:18:010 / pc(02) / pc_cam /      1.00000 para top(01)
Mensaje D / 00:03:18:010 / pc(02) / ... para top(01)
Mensaje X / 00:03:18:010 / top(01) / pc_cam /      1.00000 para cameras(03)
Mensaje D / 00:03:18:010 / cameras(03) / 00:00:06:000 para top(01)
Mensaje D / 00:03:18:010 / top(01) / 00:00:06:000 para Root(00)
Mensaje * / 00:03:24:010 / Root(00) para top(01)
Mensaje * / 00:03:24:010 / top(01) para cameras(03)
Mensaje Y / 00:03:24:010 / cameras(03) / cam_pc /      1.00000 para top(01)
Mensaje D / 00:03:24:010 / cameras(03) / ... para top(01)
Mensaje X / 00:03:24:010 / top(01) / cam_pc /      1.00000 para pc(02)
Mensaje D / 00:03:24:010 / pc(02) / 00:00:00:010 para top(01)
Mensaje D / 00:03:24:010 / top(01) / 00:00:00:010 para Root(00)
Mensaje * / 00:03:24:020 / Root(00) para top(01)
Mensaje * / 00:03:24:020 / top(01) para pc(02)
Mensaje Y / 00:03:24:020 / pc(02) / dout /      1.00000 para top(01)
Mensaje D / 00:03:24:020 / pc(02) / ... para top(01)
Mensaje Y / 00:03:24:020 / top(01) / dout /      1.00000 para Root(00)
Mensaje D / 00:03:24:020 / top(01) / ... para Root(00)
Mensaje X / 00:03:29:000 / Root(00) / pci /      2.00000 para top(01)
Mensaje X / 00:03:29:000 / top(01) / pci /      2.00000 para pc(02)
Mensaje D / 00:03:29:000 / pc(02) / 00:00:00:010 para top(01)
Mensaje D / 00:03:29:000 / top(01) / 00:00:00:010 para Root(00)
Mensaje * / 00:03:29:010 / Root(00) para top(01)
Mensaje * / 00:03:29:010 / top(01) para pc(02)
Mensaje Y / 00:03:29:010 / pc(02) / pc_cam /      1.00000 para top(01)
Mensaje D / 00:03:29:010 / pc(02) / ... para top(01)
Mensaje X / 00:03:29:010 / top(01) / pc_cam /      1.00000 para cameras(03)
Mensaje D / 00:03:29:010 / cameras(03) / 00:00:06:000 para top(01)
Mensaje D / 00:03:29:010 / top(01) / 00:00:06:000 para Root(00)
Mensaje X / 00:03:30:000 / Root(00) / pci /      2.00000 para top(01)
Mensaje X / 00:03:30:000 / top(01) / pci /      2.00000 para pc(02)
Mensaje D / 00:03:30:000 / pc(02) / ... para top(01)
Mensaje D / 00:03:30:000 / top(01) / 00:00:05:010 para Root(00)
Mensaje X / 00:03:30:010 / Root(00) / pci /      2.00000 para top(01)
Mensaje X / 00:03:30:010 / top(01) / pci /      2.00000 para pc(02)
Mensaje D / 00:03:30:010 / pc(02) / ... para top(01)
Mensaje D / 00:03:30:010 / top(01) / 00:00:05:000 para Root(00)
Mensaje * / 00:03:35:010 / Root(00) para top(01)
Mensaje * / 00:03:35:010 / top(01) para cameras(03)
Mensaje Y / 00:03:35:010 / cameras(03) / cam_pc /      1.00000 para top(01)
Mensaje D / 00:03:35:010 / cameras(03) / ... para top(01)
Mensaje X / 00:03:35:010 / top(01) / cam_pc /      1.00000 para pc(02)
Mensaje D / 00:03:35:010 / pc(02) / 00:00:00:010 para top(01)
Mensaje D / 00:03:35:010 / top(01) / 00:00:00:010 para Root(00)
Mensaje * / 00:03:35:020 / Root(00) para top(01)
Mensaje * / 00:03:35:020 / top(01) para pc(02)
Mensaje Y / 00:03:35:020 / pc(02) / dout /      1.00000 para top(01)
Mensaje D / 00:03:35:020 / pc(02) / ... para top(01)
Mensaje Y / 00:03:35:020 / top(01) / dout /      1.00000 para Root(00)
Mensaje D / 00:03:35:020 / top(01) / ... para Root(00)
