Mensaje I / 00:00:00:000 / Root(00) para top(01)
Mensaje I / 00:00:00:000 / top(01) para pc(02)
Mensaje D / 00:00:00:000 / pc(02) / ... para top(01)
Mensaje D / 00:00:00:000 / top(01) / ... para Root(00)
Mensaje X / 00:00:01:010 / Root(00) / tr_ts /      1.00000 para top(01)
Mensaje X / 00:00:01:010 / top(01) / tr_ts /      1.00000 para pc(02)
Mensaje D / 00:00:01:010 / pc(02) / ... para top(01)
Mensaje D / 00:00:01:010 / top(01) / ... para Root(00)
Mensaje X / 00:00:03:010 / Root(00) / cam_pc /      1.00000 para top(01)
Mensaje X / 00:00:03:010 / top(01) / cam_pc /      1.00000 para pc(02)
Mensaje D / 00:00:03:010 / pc(02) / ... para top(01)
Mensaje D / 00:00:03:010 / top(01) / ... para Root(00)
Mensaje X / 00:00:10:000 / Root(00) / pci /      1.00000 para top(01)
Mensaje X / 00:00:10:000 / top(01) / pci /      1.00000 para pc(02)
Mensaje D / 00:00:10:000 / pc(02) / 00:00:10:000 para top(01)
Mensaje D / 00:00:10:000 / top(01) / 00:00:10:000 para Root(00)
Mensaje * / 00:00:20:000 / Root(00) para top(01)
Mensaje * / 00:00:20:000 / top(01) para pc(02)
Mensaje Y / 00:00:20:000 / pc(02) / pc_cam /      1.00000 para top(01)
Mensaje D / 00:00:20:000 / pc(02) / ... para top(01)
Mensaje Y / 00:00:20:000 / top(01) / pc_cam /      1.00000 para Root(00)
Mensaje D / 00:00:20:000 / top(01) / ... para Root(00)
Mensaje X / 00:00:25:000 / Root(00) / cam_pc /      1.00000 para top(01)
Mensaje X / 00:00:25:000 / top(01) / cam_pc /      1.00000 para pc(02)
Mensaje D / 00:00:25:000 / pc(02) / 00:00:00:010 para top(01)
Mensaje D / 00:00:25:000 / top(01) / 00:00:00:010 para Root(00)
Mensaje * / 00:00:25:010 / Root(00) para top(01)
Mensaje * / 00:00:25:010 / top(01) para pc(02)
Mensaje Y / 00:00:25:010 / pc(02) / dout /      1.00000 para top(01)
Mensaje D / 00:00:25:010 / pc(02) / 00:00:10:000 para top(01)
Mensaje Y / 00:00:25:010 / top(01) / dout /      1.00000 para Root(00)
Mensaje D / 00:00:25:010 / top(01) / 00:00:10:000 para Root(00)
Mensaje * / 00:00:35:010 / Root(00) para top(01)
Mensaje * / 00:00:35:010 / top(01) para pc(02)
Mensaje Y / 00:00:35:010 / pc(02) / pc_cam /      1.00000 para top(01)
Mensaje D / 00:00:35:010 / pc(02) / ... para top(01)
Mensaje Y / 00:00:35:010 / top(01) / pc_cam /      1.00000 para Root(00)
Mensaje D / 00:00:35:010 / top(01) / ... para Root(00)
Mensaje X / 00:00:39:000 / Root(00) / cam_pc /      1.00000 para top(01)
Mensaje X / 00:00:39:000 / top(01) / cam_pc /      1.00000 para pc(02)
Mensaje D / 00:00:39:000 / pc(02) / 00:00:00:010 para top(01)
Mensaje D / 00:00:39:000 / top(01) / 00:00:00:010 para Root(00)
Mensaje * / 00:00:39:010 / Root(00) para top(01)
Mensaje * / 00:00:39:010 / top(01) para pc(02)
Mensaje Y / 00:00:39:010 / pc(02) / dout /      1.00000 para top(01)
Mensaje D / 00:00:39:010 / pc(02) / 00:00:10:000 para top(01)
Mensaje Y / 00:00:39:010 / top(01) / dout /      1.00000 para Root(00)
Mensaje D / 00:00:39:010 / top(01) / 00:00:10:000 para Root(00)
Mensaje X / 00:00:43:000 / Root(00) / tr_ts /      1.00000 para top(01)
Mensaje X / 00:00:43:000 / top(01) / tr_ts /      1.00000 para pc(02)
Mensaje D / 00:00:43:000 / pc(02) / ... para top(01)
Mensaje D / 00:00:43:000 / top(01) / ... para Root(00)
Mensaje X / 00:00:47:000 / Root(00) / pci /      2.00000 para top(01)
Mensaje X / 00:00:47:000 / top(01) / pci /      2.00000 para pc(02)
Mensaje D / 00:00:47:000 / pc(02) / 00:00:00:010 para top(01)
Mensaje D / 00:00:47:000 / top(01) / 00:00:00:010 para Root(00)
Mensaje * / 00:00:47:010 / Root(00) para top(01)
Mensaje * / 00:00:47:010 / top(01) para pc(02)
Mensaje Y / 00:00:47:010 / pc(02) / pc_cam /      1.00000 para top(01)
Mensaje D / 00:00:47:010 / pc(02) / ... para top(01)
Mensaje Y / 00:00:47:010 / top(01) / pc_cam /      1.00000 para Root(00)
Mensaje D / 00:00:47:010 / top(01) / ... para Root(00)
Mensaje X / 00:00:57:000 / Root(00) / cam_pc /      1.00000 para top(01)
Mensaje X / 00:00:57:000 / top(01) / cam_pc /      1.00000 para pc(02)
Mensaje D / 00:00:57:000 / pc(02) / 00:00:00:010 para top(01)
Mensaje D / 00:00:57:000 / top(01) / 00:00:00:010 para Root(00)
Mensaje * / 00:00:57:010 / Root(00) para top(01)
Mensaje * / 00:00:57:010 / top(01) para pc(02)
Mensaje Y / 00:00:57:010 / pc(02) / dout /      1.00000 para top(01)
Mensaje D / 00:00:57:010 / pc(02) / ... para top(01)
Mensaje Y / 00:00:57:010 / top(01) / dout /      1.00000 para Root(00)
Mensaje D / 00:00:57:010 / top(01) / ... para Root(00)
Mensaje X / 00:01:07:000 / Root(00) / pci /      2.00000 para top(01)
Mensaje X / 00:01:07:000 / top(01) / pci /      2.00000 para pc(02)
Mensaje D / 00:01:07:000 / pc(02) / 00:00:00:010 para top(01)
Mensaje D / 00:01:07:000 / top(01) / 00:00:00:010 para Root(00)
Mensaje * / 00:01:07:010 / Root(00) para top(01)
Mensaje * / 00:01:07:010 / top(01) para pc(02)
Mensaje Y / 00:01:07:010 / pc(02) / pc_cam /      1.00000 para top(01)
Mensaje D / 00:01:07:010 / pc(02) / ... para top(01)
Mensaje Y / 00:01:07:010 / top(01) / pc_cam /      1.00000 para Root(00)
Mensaje D / 00:01:07:010 / top(01) / ... para Root(00)
Mensaje X / 00:01:27:000 / Root(00) / cam_pc /      1.00000 para top(01)
Mensaje X / 00:01:27:000 / top(01) / cam_pc /      1.00000 para pc(02)
Mensaje D / 00:01:27:000 / pc(02) / 00:00:00:010 para top(01)
Mensaje D / 00:01:27:000 / top(01) / 00:00:00:010 para Root(00)
Mensaje X / 00:01:27:005 / Root(00) / pci /      2.00000 para top(01)
Mensaje X / 00:01:27:005 / top(01) / pci /      2.00000 para pc(02)
Mensaje D / 00:01:27:005 / pc(02) / 00:00:00:005 para top(01)
Mensaje D / 00:01:27:005 / top(01) / 00:00:00:005 para Root(00)
Mensaje X / 00:01:27:006 / Root(00) / cam_pc /      1.00000 para top(01)
Mensaje X / 00:01:27:006 / top(01) / cam_pc /      1.00000 para pc(02)
Mensaje D / 00:01:27:006 / pc(02) / 00:00:00:004 para top(01)
Mensaje D / 00:01:27:006 / top(01) / 00:00:00:004 para Root(00)
Mensaje * / 00:01:27:010 / Root(00) para top(01)
Mensaje * / 00:01:27:010 / top(01) para pc(02)
Mensaje Y / 00:01:27:010 / pc(02) / dout /      1.00000 para top(01)
Mensaje D / 00:01:27:010 / pc(02) / ... para top(01)
Mensaje Y / 00:01:27:010 / top(01) / dout /      1.00000 para Root(00)
Mensaje D / 00:01:27:010 / top(01) / ... para Root(00)
Mensaje X / 00:01:40:000 / Root(00) / pci /      2.00000 para top(01)
Mensaje X / 00:01:40:000 / top(01) / pci /      2.00000 para pc(02)
Mensaje D / 00:01:40:000 / pc(02) / 00:00:00:010 para top(01)
Mensaje D / 00:01:40:000 / top(01) / 00:00:00:010 para Root(00)
Mensaje X / 00:01:40:005 / Root(00) / pci /      2.00000 para top(01)
Mensaje X / 00:01:40:005 / top(01) / pci /      2.00000 para pc(02)
Mensaje D / 00:01:40:005 / pc(02) / 00:00:00:005 para top(01)
Mensaje D / 00:01:40:005 / top(01) / 00:00:00:005 para Root(00)
Mensaje X / 00:01:40:006 / Root(00) / cam_pc /      1.00000 para top(01)
Mensaje X / 00:01:40:006 / top(01) / cam_pc /      1.00000 para pc(02)
Mensaje D / 00:01:40:006 / pc(02) / 00:00:00:004 para top(01)
Mensaje D / 00:01:40:006 / top(01) / 00:00:00:004 para Root(00)
Mensaje * / 00:01:40:010 / Root(00) para top(01)
Mensaje * / 00:01:40:010 / top(01) para pc(02)
Mensaje Y / 00:01:40:010 / pc(02) / pc_cam /      1.00000 para top(01)
Mensaje D / 00:01:40:010 / pc(02) / ... para top(01)
Mensaje Y / 00:01:40:010 / top(01) / pc_cam /      1.00000 para Root(00)
Mensaje D / 00:01:40:010 / top(01) / ... para Root(00)
