Mensaje I / 00:00:00:000 / Root(00) para top(01)
Mensaje I / 00:00:00:000 / top(01) para preprocessor(02)
Mensaje D / 00:00:00:000 / preprocessor(02) / ... para top(01)
Mensaje D / 00:00:00:000 / top(01) / ... para Root(00)
Mensaje X / 00:00:06:000 / Root(00) / din /      1.00000 para top(01)
Mensaje X / 00:00:06:000 / top(01) / din /      1.00000 para preprocessor(02)
Mensaje D / 00:00:06:000 / preprocessor(02) / 00:00:05:000 para top(01)
Mensaje D / 00:00:06:000 / top(01) / 00:00:05:000 para Root(00)
Mensaje X / 00:00:10:000 / Root(00) / din /      1.00000 para top(01)
Mensaje X / 00:00:10:000 / top(01) / din /      1.00000 para preprocessor(02)
Mensaje D / 00:00:10:000 / preprocessor(02) / 00:00:01:000 para top(01)
Mensaje D / 00:00:10:000 / top(01) / 00:00:01:000 para Root(00)
Mensaje * / 00:00:11:000 / Root(00) para top(01)
Mensaje * / 00:00:11:000 / top(01) para preprocessor(02)
Mensaje Y / 00:00:11:000 / preprocessor(02) / dp /      1.00000 para top(01)
Mensaje D / 00:00:11:000 / preprocessor(02) / ... para top(01)
Mensaje Y / 00:00:11:000 / top(01) / dp /      1.00000 para Root(00)
Mensaje D / 00:00:11:000 / top(01) / ... para Root(00)
Mensaje X / 00:00:15:000 / Root(00) / din /      1.00000 para top(01)
Mensaje X / 00:00:15:000 / top(01) / din /      1.00000 para preprocessor(02)
Mensaje D / 00:00:15:000 / preprocessor(02) / 00:00:05:000 para top(01)
Mensaje D / 00:00:15:000 / top(01) / 00:00:05:000 para Root(00)
Mensaje X / 00:00:18:000 / Root(00) / din /      1.00000 para top(01)
Mensaje X / 00:00:18:000 / top(01) / din /      1.00000 para preprocessor(02)
Mensaje D / 00:00:18:000 / preprocessor(02) / 00:00:02:000 para top(01)
Mensaje D / 00:00:18:000 / top(01) / 00:00:02:000 para Root(00)
Mensaje X / 00:00:19:000 / Root(00) / din /      1.00000 para top(01)
Mensaje X / 00:00:19:000 / top(01) / din /      1.00000 para preprocessor(02)
Mensaje D / 00:00:19:000 / preprocessor(02) / 00:00:01:000 para top(01)
Mensaje D / 00:00:19:000 / top(01) / 00:00:01:000 para Root(00)
Mensaje X / 00:00:20:000 / Root(00) / din /      1.00000 para top(01)
Mensaje X / 00:00:20:000 / top(01) / din /      1.00000 para preprocessor(02)
Mensaje D / 00:00:20:000 / preprocessor(02) / 00:00:00:000 para top(01)
Mensaje D / 00:00:20:000 / top(01) / 00:00:00:000 para Root(00)
Mensaje * / 00:00:20:000 / Root(00) para top(01)
Mensaje * / 00:00:20:000 / top(01) para preprocessor(02)
Mensaje Y / 00:00:20:000 / preprocessor(02) / dp /      1.00000 para top(01)
Mensaje D / 00:00:20:000 / preprocessor(02) / ... para top(01)
Mensaje Y / 00:00:20:000 / top(01) / dp /      1.00000 para Root(00)
Mensaje D / 00:00:20:000 / top(01) / ... para Root(00)
Mensaje X / 00:00:25:000 / Root(00) / din /      1.00000 para top(01)
Mensaje X / 00:00:25:000 / top(01) / din /      1.00000 para preprocessor(02)
Mensaje D / 00:00:25:000 / preprocessor(02) / 00:00:05:000 para top(01)
Mensaje D / 00:00:25:000 / top(01) / 00:00:05:000 para Root(00)
Mensaje * / 00:00:30:000 / Root(00) para top(01)
Mensaje * / 00:00:30:000 / top(01) para preprocessor(02)
Mensaje Y / 00:00:30:000 / preprocessor(02) / dp /      1.00000 para top(01)
Mensaje D / 00:00:30:000 / preprocessor(02) / ... para top(01)
Mensaje Y / 00:00:30:000 / top(01) / dp /      1.00000 para Root(00)
Mensaje D / 00:00:30:000 / top(01) / ... para Root(00)
Mensaje X / 00:00:32:000 / Root(00) / din /      1.00000 para top(01)
Mensaje X / 00:00:32:000 / top(01) / din /      1.00000 para preprocessor(02)
Mensaje D / 00:00:32:000 / preprocessor(02) / 00:00:05:000 para top(01)
Mensaje D / 00:00:32:000 / top(01) / 00:00:05:000 para Root(00)
Mensaje * / 00:00:37:000 / Root(00) para top(01)
Mensaje * / 00:00:37:000 / top(01) para preprocessor(02)
Mensaje Y / 00:00:37:000 / preprocessor(02) / dp /      1.00000 para top(01)
Mensaje D / 00:00:37:000 / preprocessor(02) / ... para top(01)
Mensaje Y / 00:00:37:000 / top(01) / dp /      1.00000 para Root(00)
Mensaje D / 00:00:37:000 / top(01) / ... para Root(00)
Mensaje X / 00:00:40:000 / Root(00) / din /      1.00000 para top(01)
Mensaje X / 00:00:40:000 / top(01) / din /      1.00000 para preprocessor(02)
Mensaje D / 00:00:40:000 / preprocessor(02) / 00:00:05:000 para top(01)
Mensaje D / 00:00:40:000 / top(01) / 00:00:05:000 para Root(00)
Mensaje * / 00:00:45:000 / Root(00) para top(01)
Mensaje * / 00:00:45:000 / top(01) para preprocessor(02)
Mensaje Y / 00:00:45:000 / preprocessor(02) / dp /      1.00000 para top(01)
Mensaje D / 00:00:45:000 / preprocessor(02) / ... para top(01)
Mensaje Y / 00:00:45:000 / top(01) / dp /      1.00000 para Root(00)
Mensaje D / 00:00:45:000 / top(01) / ... para Root(00)
Mensaje X / 00:01:10:000 / Root(00) / din /      1.00000 para top(01)
Mensaje X / 00:01:10:000 / top(01) / din /      1.00000 para preprocessor(02)
Mensaje D / 00:01:10:000 / preprocessor(02) / 00:00:05:000 para top(01)
Mensaje D / 00:01:10:000 / top(01) / 00:00:05:000 para Root(00)
Mensaje * / 00:01:15:000 / Root(00) para top(01)
Mensaje * / 00:01:15:000 / top(01) para preprocessor(02)
Mensaje Y / 00:01:15:000 / preprocessor(02) / dp /      1.00000 para top(01)
Mensaje D / 00:01:15:000 / preprocessor(02) / ... para top(01)
Mensaje Y / 00:01:15:000 / top(01) / dp /      1.00000 para Root(00)
Mensaje D / 00:01:15:000 / top(01) / ... para Root(00)
